<?xml version="1.0" encoding="UTF-8"?>
<coverage generated="1757704510017" clover="3.2.0">
  <project timestamp="1757704510017" name="All files">
    <metrics statements="324" coveredstatements="308" conditionals="152" coveredconditionals="122" methods="43" coveredmethods="39" elements="519" coveredelements="469" complexity="0" loc="324" ncloc="324" packages="1" files="3" classes="3"/>
    <file name="index.ts" path="/home/dharmax/work/state-router/src/index.ts">
      <metrics statements="2" coveredstatements="2" conditionals="0" coveredconditionals="0" methods="0" coveredmethods="0"/>
      <line num="1" count="1" type="stmt"/>
      <line num="2" count="1" type="stmt"/>
    </file>
    <file name="router.ts" path="/home/dharmax/work/state-router/src/router.ts">
      <metrics statements="215" coveredstatements="212" conditionals="113" coveredconditionals="91" methods="25" coveredmethods="24"/>
      <line num="11" count="1" type="stmt"/>
      <line num="12" count="1" type="cond" truecount="1" falsecount="0"/>
      <line num="13" count="30" type="stmt"/>
      <line num="14" count="30" type="stmt"/>
      <line num="15" count="30" type="stmt"/>
      <line num="16" count="30" type="stmt"/>
      <line num="17" count="30" type="stmt"/>
      <line num="19" count="30" type="stmt"/>
      <line num="20" count="30" type="stmt"/>
      <line num="25" count="30" type="stmt"/>
      <line num="27" count="30" type="stmt"/>
      <line num="28" count="30" type="stmt"/>
      <line num="30" count="1" type="cond" truecount="1" falsecount="0"/>
      <line num="31" count="30" type="cond" truecount="1" falsecount="0"/>
      <line num="32" count="68" type="stmt"/>
      <line num="33" count="68" type="cond" truecount="1" falsecount="0"/>
      <line num="35" count="30" type="stmt"/>
      <line num="36" count="30" type="stmt"/>
      <line num="38" count="1" type="cond" truecount="1" falsecount="0"/>
      <line num="39" count="33" type="stmt"/>
      <line num="40" count="33" type="stmt"/>
      <line num="41" count="33" type="stmt"/>
      <line num="43" count="1" type="cond" truecount="1" falsecount="0"/>
      <line num="44" count="35" type="stmt"/>
      <line num="45" count="35" type="cond" truecount="0" falsecount="1"/>
      <line num="46" count="0" type="stmt"/>
      <line num="47" count="35" type="cond" truecount="0" falsecount="1"/>
      <line num="48" count="35" type="stmt"/>
      <line num="50" count="1" type="cond" truecount="1" falsecount="0"/>
      <line num="51" count="68" type="cond" truecount="1" falsecount="1"/>
      <line num="52" count="68" type="stmt"/>
      <line num="54" count="1" type="cond" truecount="1" falsecount="0"/>
      <line num="55" count="1" type="stmt"/>
      <line num="56" count="1" type="stmt"/>
      <line num="57" count="1" type="cond" truecount="0" falsecount="1"/>
      <line num="58" count="1" type="stmt"/>
      <line num="60" count="1" type="cond" truecount="1" falsecount="0"/>
      <line num="61" count="36" type="cond" truecount="0" falsecount="1"/>
      <line num="62" count="36" type="cond" truecount="1" falsecount="0"/>
      <line num="63" count="27" type="stmt"/>
      <line num="64" count="27" type="stmt"/>
      <line num="66" count="27" type="stmt"/>
      <line num="67" count="27" type="cond" truecount="3" falsecount="0"/>
      <line num="68" count="3" type="stmt"/>
      <line num="69" count="3" type="stmt"/>
      <line num="70" count="27" type="stmt"/>
      <line num="71" count="27" type="stmt"/>
      <line num="72" count="36" type="cond" truecount="1" falsecount="0"/>
      <line num="73" count="9" type="stmt"/>
      <line num="74" count="9" type="cond" truecount="2" falsecount="0"/>
      <line num="75" count="9" type="stmt"/>
      <line num="76" count="36" type="stmt"/>
      <line num="78" count="1" type="cond" truecount="1" falsecount="0"/>
      <line num="79" count="29" type="stmt"/>
      <line num="80" count="29" type="cond" truecount="1" falsecount="0"/>
      <line num="81" count="1" type="stmt"/>
      <line num="82" count="1" type="stmt"/>
      <line num="83" count="29" type="cond" truecount="2" falsecount="0"/>
      <line num="84" count="2" type="stmt"/>
      <line num="85" count="2" type="stmt"/>
      <line num="86" count="2" type="stmt"/>
      <line num="87" count="2" type="stmt"/>
      <line num="88" count="29" type="stmt"/>
      <line num="89" count="29" type="stmt"/>
      <line num="90" count="29" type="stmt"/>
      <line num="92" count="1" type="cond" truecount="1" falsecount="0"/>
      <line num="93" count="2" type="stmt"/>
      <line num="94" count="2" type="stmt"/>
      <line num="95" count="2" type="stmt"/>
      <line num="97" count="1" type="cond" truecount="1" falsecount="0"/>
      <line num="98" count="2" type="stmt"/>
      <line num="99" count="2" type="stmt"/>
      <line num="100" count="2" type="stmt"/>
      <line num="102" count="1" type="cond" truecount="1" falsecount="0"/>
      <line num="103" count="17" type="cond" truecount="0" falsecount="2"/>
      <line num="104" count="17" type="cond" truecount="1" falsecount="1"/>
      <line num="105" count="17" type="stmt"/>
      <line num="106" count="17" type="stmt"/>
      <line num="107" count="17" type="cond" truecount="1" falsecount="0"/>
      <line num="108" count="17" type="stmt"/>
      <line num="109" count="17" type="stmt"/>
      <line num="111" count="1" type="cond" truecount="1" falsecount="0"/>
      <line num="112" count="80" type="stmt"/>
      <line num="113" count="80" type="stmt"/>
      <line num="115" count="1" type="cond" truecount="1" falsecount="0"/>
      <line num="117" count="2" type="stmt"/>
      <line num="118" count="2" type="stmt"/>
      <line num="120" count="2" type="stmt"/>
      <line num="121" count="2" type="stmt"/>
      <line num="122" count="2" type="cond" truecount="1" falsecount="0"/>
      <line num="123" count="2" type="stmt"/>
      <line num="124" count="2" type="stmt"/>
      <line num="125" count="2" type="stmt"/>
      <line num="126" count="2" type="stmt"/>
      <line num="127" count="2" type="stmt"/>
      <line num="134" count="1" type="cond" truecount="1" falsecount="0"/>
      <line num="135" count="31" type="cond" truecount="2" falsecount="0"/>
      <line num="136" count="31" type="stmt"/>
      <line num="137" count="31" type="cond" truecount="2" falsecount="0"/>
      <line num="139" count="30" type="stmt"/>
      <line num="140" count="30" type="cond" truecount="0" falsecount="1"/>
      <line num="141" count="30" type="cond" truecount="1" falsecount="0"/>
      <line num="142" count="16" type="stmt"/>
      <line num="143" count="16" type="stmt"/>
      <line num="144" count="16" type="cond" truecount="3" falsecount="0"/>
      <line num="145" count="16" type="stmt"/>
      <line num="146" count="16" type="cond" truecount="2" falsecount="0"/>
      <line num="147" count="2" type="stmt"/>
      <line num="148" count="2" type="cond" truecount="1" falsecount="0"/>
      <line num="149" count="2" type="stmt"/>
      <line num="150" count="16" type="stmt"/>
      <line num="151" count="16" type="stmt"/>
      <line num="152" count="16" type="stmt"/>
      <line num="153" count="30" type="cond" truecount="1" falsecount="0"/>
      <line num="155" count="31" type="cond" truecount="2" falsecount="0"/>
      <line num="156" count="2" type="stmt"/>
      <line num="157" count="2" type="stmt"/>
      <line num="158" count="2" type="cond" truecount="1" falsecount="0"/>
      <line num="160" count="31" type="cond" truecount="1" falsecount="1"/>
      <line num="161" count="12" type="stmt"/>
      <line num="162" count="31" type="stmt"/>
      <line num="164" count="1" type="cond" truecount="1" falsecount="0"/>
      <line num="165" count="11" type="cond" truecount="0" falsecount="1"/>
      <line num="167" count="11" type="cond" truecount="0" falsecount="1"/>
      <line num="169" count="11" type="stmt"/>
      <line num="170" count="11" type="stmt"/>
      <line num="172" count="11" type="cond" truecount="1" falsecount="0"/>
      <line num="173" count="30" type="cond" truecount="1" falsecount="0"/>
      <line num="174" count="30" type="cond" truecount="0" falsecount="1"/>
      <line num="175" count="30" type="stmt"/>
      <line num="176" count="30" type="cond" truecount="1" falsecount="0"/>
      <line num="177" count="15" type="stmt"/>
      <line num="178" count="15" type="stmt"/>
      <line num="179" count="15" type="stmt"/>
      <line num="180" count="30" type="stmt"/>
      <line num="182" count="11" type="cond" truecount="1" falsecount="0"/>
      <line num="184" count="13" type="stmt"/>
      <line num="185" count="13" type="cond" truecount="1" falsecount="0"/>
      <line num="186" count="12" type="cond" truecount="2" falsecount="0"/>
      <line num="187" count="12" type="cond" truecount="3" falsecount="0"/>
      <line num="188" count="12" type="cond" truecount="1" falsecount="0"/>
      <line num="190" count="8" type="stmt"/>
      <line num="191" count="13" type="cond" truecount="1" falsecount="1"/>
      <line num="192" count="8" type="stmt"/>
      <line num="193" count="13" type="cond" truecount="1" falsecount="1"/>
      <line num="195" count="13" type="cond" truecount="1" falsecount="0"/>
      <line num="196" count="1" type="stmt"/>
      <line num="197" count="1" type="cond" truecount="0" falsecount="1"/>
      <line num="198" count="1" type="cond" truecount="1" falsecount="0"/>
      <line num="200" count="13" type="cond" truecount="0" falsecount="1"/>
      <line num="201" count="13" type="cond" truecount="1" falsecount="1"/>
      <line num="203" count="8" type="stmt"/>
      <line num="206" count="8" type="cond" truecount="2" falsecount="0"/>
      <line num="209" count="7" type="stmt"/>
      <line num="210" count="13" type="cond" truecount="3" falsecount="0"/>
      <line num="211" count="6" type="cond" truecount="2" falsecount="0"/>
      <line num="212" count="5" type="stmt"/>
      <line num="213" count="13" type="cond" truecount="3" falsecount="0"/>
      <line num="215" count="4" type="stmt"/>
      <line num="216" count="13" type="cond" truecount="3" falsecount="0"/>
      <line num="218" count="3" type="stmt"/>
      <line num="219" count="3" type="stmt"/>
      <line num="220" count="3" type="stmt"/>
      <line num="221" count="13" type="stmt"/>
      <line num="223" count="11" type="stmt"/>
      <line num="224" count="11" type="cond" truecount="1" falsecount="0"/>
      <line num="225" count="1" type="cond" truecount="1" falsecount="0"/>
      <line num="226" count="1" type="stmt"/>
      <line num="227" count="1" type="stmt"/>
      <line num="228" count="11" type="cond" truecount="1" falsecount="0"/>
      <line num="229" count="10" type="cond" truecount="1" falsecount="1"/>
      <line num="230" count="10" type="stmt"/>
      <line num="231" count="10" type="cond" truecount="1" falsecount="0"/>
      <line num="232" count="10" type="stmt"/>
      <line num="233" count="10" type="stmt"/>
      <line num="234" count="10" type="stmt"/>
      <line num="235" count="10" type="stmt"/>
      <line num="236" count="11" type="stmt"/>
      <line num="238" count="11" type="stmt"/>
      <line num="239" count="11" type="stmt"/>
      <line num="240" count="11" type="stmt"/>
      <line num="242" count="1" type="cond" truecount="1" falsecount="0"/>
      <line num="243" count="11" type="cond" truecount="0" falsecount="1"/>
      <line num="244" count="11" type="stmt"/>
      <line num="245" count="11" type="cond" truecount="1" falsecount="0"/>
      <line num="246" count="1" type="stmt"/>
      <line num="247" count="1" type="stmt"/>
      <line num="248" count="11" type="cond" truecount="1" falsecount="0"/>
      <line num="249" count="10" type="stmt"/>
      <line num="250" count="10" type="stmt"/>
      <line num="251" count="10" type="stmt"/>
      <line num="252" count="10" type="stmt"/>
      <line num="253" count="11" type="stmt"/>
      <line num="254" count="11" type="stmt"/>
      <line num="255" count="11" type="stmt"/>
      <line num="256" count="11" type="stmt"/>
      <line num="259" count="1" type="cond" truecount="1" falsecount="0"/>
      <line num="260" count="5" type="cond" truecount="0" falsecount="1"/>
      <line num="261" count="5" type="cond" truecount="1" falsecount="0"/>
      <line num="262" count="2" type="stmt"/>
      <line num="263" count="2" type="cond" truecount="2" falsecount="0"/>
      <line num="264" count="1" type="stmt"/>
      <line num="265" count="2" type="cond" truecount="1" falsecount="0"/>
      <line num="266" count="3" type="stmt"/>
      <line num="267" count="5" type="stmt"/>
      <line num="268" count="5" type="stmt"/>
      <line num="270" count="1" type="stmt"/>
      <line num="271" count="0" type="stmt"/>
      <line num="272" count="0" type="stmt"/>
      <line num="273" count="1" type="stmt"/>
      <line num="275" count="1" type="stmt"/>
      <line num="276" count="1" type="cond" truecount="1" falsecount="0"/>
      <line num="278" count="2" type="cond" truecount="1" falsecount="0"/>
      <line num="279" count="2" type="cond" truecount="0" falsecount="1"/>
      <line num="280" count="2" type="stmt"/>
    </file>
    <file name="state-manager.ts" path="/home/dharmax/work/state-router/src/state-manager.ts">
      <metrics statements="107" coveredstatements="94" conditionals="39" coveredconditionals="31" methods="18" coveredmethods="15"/>
      <line num="1" count="1" type="stmt"/>
      <line num="15" count="1" type="stmt"/>
      <line num="16" count="1" type="stmt"/>
      <line num="17" count="1" type="stmt"/>
      <line num="18" count="1" type="stmt"/>
      <line num="19" count="1" type="stmt"/>
      <line num="21" count="1" type="cond" truecount="1" falsecount="0"/>
      <line num="22" count="1" type="stmt"/>
      <line num="24" count="1" type="stmt"/>
      <line num="26" count="1" type="stmt"/>
      <line num="27" count="1" type="stmt"/>
      <line num="29" count="1" type="cond" truecount="1" falsecount="0"/>
      <line num="30" count="8" type="stmt"/>
      <line num="31" count="8" type="stmt"/>
      <line num="32" count="8" type="cond" truecount="0" falsecount="1"/>
      <line num="33" count="8" type="stmt"/>
      <line num="35" count="1" type="stmt"/>
      <line num="36" count="0" type="stmt"/>
      <line num="37" count="0" type="stmt"/>
      <line num="39" count="1" type="stmt"/>
      <line num="42" count="0" type="stmt"/>
      <line num="43" count="0" type="stmt"/>
      <line num="45" count="1" type="cond" truecount="1" falsecount="0"/>
      <line num="47" count="1" type="stmt"/>
      <line num="48" count="1" type="stmt"/>
      <line num="55" count="1" type="cond" truecount="1" falsecount="0"/>
      <line num="56" count="1" type="stmt"/>
      <line num="57" count="1" type="stmt"/>
      <line num="59" count="1" type="cond" truecount="1" falsecount="0"/>
      <line num="60" count="10" type="cond" truecount="0" falsecount="1"/>
      <line num="61" count="10" type="stmt"/>
      <line num="63" count="1" type="cond" truecount="1" falsecount="0"/>
      <line num="64" count="1" type="stmt"/>
      <line num="65" count="1" type="stmt"/>
      <line num="67" count="1" type="cond" truecount="1" falsecount="0"/>
      <line num="68" count="5" type="stmt"/>
      <line num="69" count="5" type="stmt"/>
      <line num="75" count="1" type="stmt"/>
      <line num="76" count="0" type="stmt"/>
      <line num="77" count="0" type="stmt"/>
      <line num="78" count="0" type="stmt"/>
      <line num="79" count="0" type="stmt"/>
      <line num="80" count="0" type="stmt"/>
      <line num="81" count="0" type="stmt"/>
      <line num="84" count="1" type="cond" truecount="1" falsecount="0"/>
      <line num="85" count="1" type="stmt"/>
      <line num="86" count="1" type="cond" truecount="0" falsecount="1"/>
      <line num="87" count="1" type="stmt"/>
      <line num="88" count="1" type="stmt"/>
      <line num="95" count="1" type="cond" truecount="1" falsecount="0"/>
      <line num="97" count="11" type="stmt"/>
      <line num="98" count="11" type="cond" truecount="0" falsecount="1"/>
      <line num="99" count="0" type="stmt"/>
      <line num="100" count="0" type="stmt"/>
      <line num="101" count="0" type="stmt"/>
      <line num="104" count="11" type="cond" truecount="1" falsecount="0"/>
      <line num="105" count="11" type="cond" truecount="1" falsecount="0"/>
      <line num="106" count="11" type="cond" truecount="1" falsecount="0"/>
      <line num="107" count="11" type="cond" truecount="2" falsecount="0"/>
      <line num="110" count="9" type="stmt"/>
      <line num="111" count="9" type="stmt"/>
      <line num="112" count="9" type="stmt"/>
      <line num="113" count="9" type="stmt"/>
      <line num="115" count="11" type="cond" truecount="1" falsecount="0"/>
      <line num="116" count="1" type="stmt"/>
      <line num="117" count="1" type="cond" truecount="1" falsecount="0"/>
      <line num="118" count="9" type="stmt"/>
      <line num="119" count="11" type="stmt"/>
      <line num="128" count="1" type="cond" truecount="1" falsecount="0"/>
      <line num="130" count="11" type="cond" truecount="0" falsecount="1"/>
      <line num="131" count="11" type="cond" truecount="0" falsecount="1"/>
      <line num="132" count="11" type="cond" truecount="2" falsecount="0"/>
      <line num="134" count="1" type="stmt"/>
      <line num="135" count="1" type="stmt"/>
      <line num="136" count="1" type="stmt"/>
      <line num="137" count="11" type="stmt"/>
      <line num="138" count="11" type="stmt"/>
      <line num="139" count="11" type="stmt"/>
      <line num="140" count="11" type="stmt"/>
      <line num="141" count="11" type="stmt"/>
      <line num="142" count="11" type="stmt"/>
      <line num="143" count="11" type="stmt"/>
      <line num="145" count="1" type="cond" truecount="1" falsecount="0"/>
      <line num="146" count="11" type="stmt"/>
      <line num="147" count="11" type="stmt"/>
      <line num="148" count="11" type="cond" truecount="1" falsecount="0"/>
      <line num="151" count="5" type="cond" truecount="1" falsecount="0"/>
      <line num="152" count="5" type="cond" truecount="5" falsecount="0"/>
      <line num="153" count="5" type="stmt"/>
      <line num="155" count="5" type="cond" truecount="0" falsecount="1"/>
      <line num="157" count="5" type="cond" truecount="0" falsecount="1"/>
      <line num="158" count="5" type="stmt"/>
      <line num="159" count="11" type="stmt"/>
      <line num="160" count="11" type="stmt"/>
      <line num="162" count="1" type="cond" truecount="1" falsecount="0"/>
      <line num="163" count="1" type="stmt"/>
      <line num="164" count="1" type="stmt"/>
      <line num="166" count="1" type="cond" truecount="1" falsecount="0"/>
      <line num="167" count="1" type="stmt"/>
      <line num="168" count="1" type="stmt"/>
      <line num="170" count="1" type="cond" truecount="1" falsecount="0"/>
      <line num="173" count="1" type="stmt"/>
      <line num="174" count="1" type="stmt"/>
      <line num="175" count="1" type="stmt"/>
      <line num="177" count="1" type="cond" truecount="1" falsecount="0"/>
      <line num="178" count="8" type="stmt"/>
      <line num="179" count="8" type="stmt"/>
    </file>
  </project>
</coverage>
