<?xml version="1.0" encoding="UTF-8"?>
<coverage generated="1757703926694" clover="3.2.0">
  <project timestamp="1757703926694" name="All files">
    <metrics statements="316" coveredstatements="290" conditionals="130" coveredconditionals="90" methods="43" coveredmethods="35" elements="489" coveredelements="415" complexity="0" loc="316" ncloc="316" packages="1" files="3" classes="3"/>
    <file name="index.ts" path="/home/dharmax/work/state-router/src/index.ts">
      <metrics statements="2" coveredstatements="2" conditionals="0" coveredconditionals="0" methods="0" coveredmethods="0"/>
      <line num="1" count="1" type="stmt"/>
      <line num="2" count="1" type="stmt"/>
    </file>
    <file name="router.ts" path="/home/dharmax/work/state-router/src/router.ts">
      <metrics statements="207" coveredstatements="202" conditionals="95" coveredconditionals="64" methods="25" coveredmethods="23"/>
      <line num="11" count="1" type="stmt"/>
      <line num="12" count="1" type="cond" truecount="1" falsecount="0"/>
      <line num="13" count="22" type="stmt"/>
      <line num="14" count="22" type="stmt"/>
      <line num="15" count="22" type="stmt"/>
      <line num="16" count="22" type="stmt"/>
      <line num="18" count="22" type="stmt"/>
      <line num="19" count="22" type="stmt"/>
      <line num="24" count="22" type="stmt"/>
      <line num="26" count="22" type="stmt"/>
      <line num="27" count="22" type="stmt"/>
      <line num="29" count="1" type="cond" truecount="1" falsecount="0"/>
      <line num="30" count="22" type="cond" truecount="1" falsecount="0"/>
      <line num="31" count="44" type="stmt"/>
      <line num="32" count="44" type="cond" truecount="1" falsecount="0"/>
      <line num="34" count="22" type="stmt"/>
      <line num="35" count="22" type="stmt"/>
      <line num="37" count="1" type="cond" truecount="1" falsecount="0"/>
      <line num="38" count="18" type="stmt"/>
      <line num="39" count="18" type="stmt"/>
      <line num="40" count="18" type="stmt"/>
      <line num="42" count="1" type="cond" truecount="1" falsecount="0"/>
      <line num="43" count="21" type="stmt"/>
      <line num="44" count="21" type="cond" truecount="0" falsecount="1"/>
      <line num="45" count="0" type="stmt"/>
      <line num="46" count="21" type="cond" truecount="0" falsecount="1"/>
      <line num="47" count="21" type="stmt"/>
      <line num="49" count="1" type="cond" truecount="1" falsecount="0"/>
      <line num="50" count="44" type="cond" truecount="1" falsecount="1"/>
      <line num="51" count="44" type="stmt"/>
      <line num="53" count="1" type="stmt"/>
      <line num="54" count="0" type="stmt"/>
      <line num="55" count="0" type="stmt"/>
      <line num="57" count="1" type="cond" truecount="1" falsecount="0"/>
      <line num="58" count="22" type="cond" truecount="0" falsecount="1"/>
      <line num="59" count="22" type="cond" truecount="1" falsecount="0"/>
      <line num="60" count="13" type="stmt"/>
      <line num="61" count="13" type="stmt"/>
      <line num="62" count="13" type="cond" truecount="0" falsecount="1"/>
      <line num="63" count="22" type="cond" truecount="1" falsecount="0"/>
      <line num="64" count="9" type="stmt"/>
      <line num="65" count="9" type="cond" truecount="2" falsecount="0"/>
      <line num="66" count="9" type="stmt"/>
      <line num="67" count="22" type="stmt"/>
      <line num="69" count="1" type="cond" truecount="1" falsecount="0"/>
      <line num="70" count="21" type="stmt"/>
      <line num="71" count="21" type="cond" truecount="1" falsecount="0"/>
      <line num="72" count="1" type="stmt"/>
      <line num="73" count="1" type="stmt"/>
      <line num="74" count="21" type="cond" truecount="2" falsecount="0"/>
      <line num="75" count="2" type="stmt"/>
      <line num="76" count="2" type="stmt"/>
      <line num="77" count="2" type="stmt"/>
      <line num="78" count="2" type="stmt"/>
      <line num="79" count="21" type="stmt"/>
      <line num="80" count="21" type="stmt"/>
      <line num="81" count="21" type="stmt"/>
      <line num="83" count="1" type="cond" truecount="1" falsecount="0"/>
      <line num="84" count="1" type="stmt"/>
      <line num="85" count="1" type="stmt"/>
      <line num="86" count="1" type="stmt"/>
      <line num="88" count="1" type="cond" truecount="1" falsecount="0"/>
      <line num="89" count="2" type="stmt"/>
      <line num="90" count="2" type="stmt"/>
      <line num="91" count="2" type="stmt"/>
      <line num="93" count="1" type="cond" truecount="1" falsecount="0"/>
      <line num="94" count="16" type="cond" truecount="0" falsecount="2"/>
      <line num="95" count="16" type="cond" truecount="1" falsecount="1"/>
      <line num="96" count="16" type="stmt"/>
      <line num="97" count="16" type="stmt"/>
      <line num="98" count="16" type="cond" truecount="1" falsecount="0"/>
      <line num="99" count="16" type="stmt"/>
      <line num="100" count="16" type="stmt"/>
      <line num="102" count="1" type="cond" truecount="1" falsecount="0"/>
      <line num="103" count="53" type="stmt"/>
      <line num="104" count="53" type="stmt"/>
      <line num="106" count="1" type="cond" truecount="1" falsecount="0"/>
      <line num="108" count="2" type="stmt"/>
      <line num="109" count="2" type="stmt"/>
      <line num="111" count="2" type="stmt"/>
      <line num="112" count="2" type="stmt"/>
      <line num="113" count="2" type="cond" truecount="1" falsecount="0"/>
      <line num="114" count="2" type="stmt"/>
      <line num="115" count="2" type="stmt"/>
      <line num="116" count="2" type="stmt"/>
      <line num="117" count="2" type="stmt"/>
      <line num="118" count="2" type="stmt"/>
      <line num="125" count="1" type="cond" truecount="1" falsecount="0"/>
      <line num="126" count="23" type="cond" truecount="2" falsecount="0"/>
      <line num="127" count="23" type="stmt"/>
      <line num="128" count="23" type="cond" truecount="2" falsecount="0"/>
      <line num="130" count="23" type="cond" truecount="1" falsecount="0"/>
      <line num="131" count="23" type="cond" truecount="0" falsecount="1"/>
      <line num="132" count="23" type="cond" truecount="1" falsecount="0"/>
      <line num="133" count="15" type="stmt"/>
      <line num="134" count="15" type="stmt"/>
      <line num="135" count="15" type="cond" truecount="3" falsecount="0"/>
      <line num="136" count="15" type="stmt"/>
      <line num="137" count="15" type="cond" truecount="2" falsecount="0"/>
      <line num="138" count="2" type="stmt"/>
      <line num="139" count="2" type="cond" truecount="1" falsecount="0"/>
      <line num="140" count="2" type="stmt"/>
      <line num="141" count="15" type="stmt"/>
      <line num="142" count="15" type="stmt"/>
      <line num="143" count="15" type="stmt"/>
      <line num="144" count="23" type="cond" truecount="1" falsecount="0"/>
      <line num="146" count="23" type="cond" truecount="1" falsecount="0"/>
      <line num="147" count="1" type="stmt"/>
      <line num="148" count="1" type="stmt"/>
      <line num="149" count="1" type="cond" truecount="1" falsecount="0"/>
      <line num="151" count="23" type="cond" truecount="1" falsecount="1"/>
      <line num="152" count="6" type="stmt"/>
      <line num="153" count="23" type="stmt"/>
      <line num="155" count="1" type="cond" truecount="1" falsecount="0"/>
      <line num="156" count="5" type="cond" truecount="0" falsecount="1"/>
      <line num="158" count="5" type="cond" truecount="0" falsecount="1"/>
      <line num="160" count="5" type="stmt"/>
      <line num="161" count="5" type="stmt"/>
      <line num="163" count="5" type="cond" truecount="1" falsecount="0"/>
      <line num="164" count="17" type="cond" truecount="1" falsecount="0"/>
      <line num="165" count="17" type="cond" truecount="0" falsecount="1"/>
      <line num="166" count="17" type="stmt"/>
      <line num="167" count="17" type="cond" truecount="1" falsecount="0"/>
      <line num="168" count="8" type="stmt"/>
      <line num="169" count="8" type="stmt"/>
      <line num="170" count="8" type="stmt"/>
      <line num="171" count="17" type="stmt"/>
      <line num="173" count="5" type="cond" truecount="1" falsecount="0"/>
      <line num="175" count="2" type="stmt"/>
      <line num="176" count="2" type="cond" truecount="1" falsecount="0"/>
      <line num="177" count="1" type="cond" truecount="0" falsecount="1"/>
      <line num="178" count="1" type="cond" truecount="0" falsecount="1"/>
      <line num="179" count="1" type="stmt"/>
      <line num="181" count="2" type="stmt"/>
      <line num="182" count="2" type="cond" truecount="0" falsecount="1"/>
      <line num="183" count="2" type="stmt"/>
      <line num="184" count="2" type="cond" truecount="0" falsecount="1"/>
      <line num="186" count="2" type="cond" truecount="1" falsecount="0"/>
      <line num="187" count="1" type="stmt"/>
      <line num="188" count="1" type="cond" truecount="0" falsecount="1"/>
      <line num="189" count="1" type="stmt"/>
      <line num="191" count="2" type="cond" truecount="0" falsecount="1"/>
      <line num="192" count="2" type="cond" truecount="0" falsecount="1"/>
      <line num="194" count="2" type="stmt"/>
      <line num="197" count="2" type="cond" truecount="0" falsecount="1"/>
      <line num="200" count="2" type="stmt"/>
      <line num="201" count="2" type="cond" truecount="0" falsecount="2"/>
      <line num="202" count="2" type="cond" truecount="0" falsecount="1"/>
      <line num="203" count="2" type="stmt"/>
      <line num="204" count="2" type="cond" truecount="0" falsecount="2"/>
      <line num="206" count="2" type="stmt"/>
      <line num="207" count="2" type="cond" truecount="0" falsecount="1"/>
      <line num="209" count="2" type="stmt"/>
      <line num="210" count="2" type="stmt"/>
      <line num="211" count="2" type="stmt"/>
      <line num="212" count="2" type="stmt"/>
      <line num="214" count="5" type="stmt"/>
      <line num="215" count="5" type="cond" truecount="1" falsecount="0"/>
      <line num="216" count="1" type="cond" truecount="1" falsecount="0"/>
      <line num="217" count="1" type="stmt"/>
      <line num="218" count="1" type="stmt"/>
      <line num="219" count="5" type="cond" truecount="1" falsecount="0"/>
      <line num="220" count="4" type="cond" truecount="1" falsecount="1"/>
      <line num="221" count="4" type="stmt"/>
      <line num="222" count="4" type="cond" truecount="1" falsecount="0"/>
      <line num="223" count="4" type="stmt"/>
      <line num="224" count="4" type="stmt"/>
      <line num="225" count="4" type="stmt"/>
      <line num="226" count="4" type="stmt"/>
      <line num="227" count="5" type="stmt"/>
      <line num="229" count="5" type="stmt"/>
      <line num="230" count="5" type="stmt"/>
      <line num="231" count="5" type="stmt"/>
      <line num="233" count="1" type="cond" truecount="1" falsecount="0"/>
      <line num="234" count="5" type="cond" truecount="0" falsecount="1"/>
      <line num="235" count="5" type="stmt"/>
      <line num="236" count="5" type="cond" truecount="1" falsecount="0"/>
      <line num="237" count="1" type="stmt"/>
      <line num="238" count="1" type="stmt"/>
      <line num="239" count="5" type="cond" truecount="1" falsecount="0"/>
      <line num="240" count="4" type="stmt"/>
      <line num="241" count="4" type="stmt"/>
      <line num="242" count="4" type="stmt"/>
      <line num="243" count="4" type="stmt"/>
      <line num="244" count="5" type="stmt"/>
      <line num="245" count="5" type="stmt"/>
      <line num="246" count="5" type="stmt"/>
      <line num="247" count="5" type="stmt"/>
      <line num="250" count="1" type="cond" truecount="1" falsecount="0"/>
      <line num="251" count="5" type="cond" truecount="0" falsecount="1"/>
      <line num="252" count="5" type="cond" truecount="1" falsecount="0"/>
      <line num="253" count="2" type="stmt"/>
      <line num="254" count="2" type="cond" truecount="2" falsecount="0"/>
      <line num="255" count="1" type="stmt"/>
      <line num="256" count="2" type="cond" truecount="1" falsecount="0"/>
      <line num="257" count="3" type="stmt"/>
      <line num="258" count="5" type="stmt"/>
      <line num="259" count="5" type="stmt"/>
      <line num="261" count="1" type="stmt"/>
      <line num="262" count="0" type="stmt"/>
      <line num="263" count="0" type="stmt"/>
      <line num="264" count="1" type="stmt"/>
      <line num="266" count="1" type="stmt"/>
      <line num="267" count="1" type="cond" truecount="1" falsecount="0"/>
      <line num="269" count="2" type="cond" truecount="1" falsecount="0"/>
      <line num="270" count="2" type="cond" truecount="0" falsecount="1"/>
      <line num="271" count="2" type="stmt"/>
    </file>
    <file name="state-manager.ts" path="/home/dharmax/work/state-router/src/state-manager.ts">
      <metrics statements="107" coveredstatements="86" conditionals="35" coveredconditionals="26" methods="18" coveredmethods="12"/>
      <line num="1" count="1" type="stmt"/>
      <line num="15" count="1" type="stmt"/>
      <line num="16" count="1" type="stmt"/>
      <line num="17" count="1" type="stmt"/>
      <line num="18" count="1" type="stmt"/>
      <line num="19" count="1" type="stmt"/>
      <line num="21" count="1" type="cond" truecount="1" falsecount="0"/>
      <line num="22" count="1" type="stmt"/>
      <line num="24" count="1" type="stmt"/>
      <line num="26" count="1" type="stmt"/>
      <line num="27" count="1" type="stmt"/>
      <line num="29" count="1" type="cond" truecount="1" falsecount="0"/>
      <line num="30" count="6" type="stmt"/>
      <line num="31" count="6" type="stmt"/>
      <line num="32" count="6" type="cond" truecount="0" falsecount="1"/>
      <line num="33" count="6" type="stmt"/>
      <line num="35" count="1" type="stmt"/>
      <line num="36" count="0" type="stmt"/>
      <line num="37" count="0" type="stmt"/>
      <line num="39" count="1" type="stmt"/>
      <line num="42" count="0" type="stmt"/>
      <line num="43" count="0" type="stmt"/>
      <line num="45" count="1" type="cond" truecount="1" falsecount="0"/>
      <line num="47" count="1" type="stmt"/>
      <line num="48" count="1" type="stmt"/>
      <line num="55" count="1" type="cond" truecount="1" falsecount="0"/>
      <line num="56" count="1" type="stmt"/>
      <line num="57" count="1" type="stmt"/>
      <line num="59" count="1" type="cond" truecount="1" falsecount="0"/>
      <line num="60" count="8" type="cond" truecount="0" falsecount="1"/>
      <line num="61" count="8" type="stmt"/>
      <line num="63" count="1" type="cond" truecount="1" falsecount="0"/>
      <line num="64" count="1" type="stmt"/>
      <line num="65" count="1" type="stmt"/>
      <line num="67" count="1" type="cond" truecount="1" falsecount="0"/>
      <line num="68" count="5" type="stmt"/>
      <line num="69" count="5" type="stmt"/>
      <line num="75" count="1" type="stmt"/>
      <line num="76" count="0" type="stmt"/>
      <line num="77" count="0" type="stmt"/>
      <line num="78" count="0" type="stmt"/>
      <line num="79" count="0" type="stmt"/>
      <line num="80" count="0" type="stmt"/>
      <line num="81" count="0" type="stmt"/>
      <line num="84" count="1" type="cond" truecount="1" falsecount="0"/>
      <line num="85" count="1" type="stmt"/>
      <line num="86" count="1" type="cond" truecount="0" falsecount="1"/>
      <line num="87" count="1" type="stmt"/>
      <line num="88" count="1" type="stmt"/>
      <line num="95" count="1" type="cond" truecount="1" falsecount="0"/>
      <line num="97" count="9" type="stmt"/>
      <line num="98" count="9" type="cond" truecount="0" falsecount="1"/>
      <line num="99" count="0" type="stmt"/>
      <line num="100" count="0" type="stmt"/>
      <line num="101" count="0" type="stmt"/>
      <line num="104" count="9" type="cond" truecount="1" falsecount="0"/>
      <line num="105" count="9" type="stmt"/>
      <line num="106" count="9" type="cond" truecount="1" falsecount="0"/>
      <line num="107" count="9" type="cond" truecount="2" falsecount="0"/>
      <line num="110" count="8" type="stmt"/>
      <line num="111" count="8" type="stmt"/>
      <line num="112" count="8" type="stmt"/>
      <line num="113" count="8" type="stmt"/>
      <line num="115" count="9" type="cond" truecount="0" falsecount="1"/>
      <line num="116" count="0" type="stmt"/>
      <line num="117" count="0" type="cond" truecount="1" falsecount="0"/>
      <line num="118" count="8" type="stmt"/>
      <line num="119" count="9" type="stmt"/>
      <line num="128" count="1" type="cond" truecount="1" falsecount="0"/>
      <line num="130" count="9" type="cond" truecount="0" falsecount="1"/>
      <line num="131" count="9" type="cond" truecount="0" falsecount="1"/>
      <line num="132" count="9" type="cond" truecount="2" falsecount="0"/>
      <line num="134" count="1" type="stmt"/>
      <line num="135" count="1" type="stmt"/>
      <line num="136" count="1" type="stmt"/>
      <line num="137" count="9" type="stmt"/>
      <line num="138" count="9" type="stmt"/>
      <line num="139" count="9" type="stmt"/>
      <line num="140" count="9" type="stmt"/>
      <line num="141" count="9" type="stmt"/>
      <line num="142" count="9" type="stmt"/>
      <line num="143" count="9" type="stmt"/>
      <line num="145" count="1" type="cond" truecount="1" falsecount="0"/>
      <line num="146" count="9" type="stmt"/>
      <line num="147" count="9" type="stmt"/>
      <line num="148" count="9" type="cond" truecount="1" falsecount="0"/>
      <line num="151" count="5" type="cond" truecount="1" falsecount="0"/>
      <line num="152" count="5" type="cond" truecount="5" falsecount="0"/>
      <line num="153" count="5" type="stmt"/>
      <line num="155" count="5" type="cond" truecount="0" falsecount="1"/>
      <line num="157" count="5" type="cond" truecount="0" falsecount="1"/>
      <line num="158" count="5" type="stmt"/>
      <line num="159" count="9" type="stmt"/>
      <line num="160" count="9" type="stmt"/>
      <line num="162" count="1" type="stmt"/>
      <line num="163" count="0" type="stmt"/>
      <line num="164" count="0" type="stmt"/>
      <line num="166" count="1" type="stmt"/>
      <line num="167" count="0" type="stmt"/>
      <line num="168" count="0" type="stmt"/>
      <line num="170" count="1" type="stmt"/>
      <line num="173" count="0" type="stmt"/>
      <line num="174" count="0" type="stmt"/>
      <line num="175" count="1" type="stmt"/>
      <line num="177" count="1" type="cond" truecount="1" falsecount="0"/>
      <line num="178" count="6" type="stmt"/>
      <line num="179" count="6" type="stmt"/>
    </file>
  </project>
</coverage>
