{"/home/dharmax/work/state-router/src/index.ts": {"path":"/home/dharmax/work/state-router/src/index.ts","all":false,"statementMap":{"0":{"start":{"line":1,"column":0},"end":{"line":1,"column":25}},"1":{"start":{"line":2,"column":0},"end":{"line":2,"column":32}}},"s":{"0":1,"1":1},"branchMap":{},"b":{},"fnMap":{},"f":{}}
,"/home/dharmax/work/state-router/src/router.ts": {"path":"/home/dharmax/work/state-router/src/router.ts","all":false,"statementMap":{"10":{"start":{"line":11,"column":0},"end":{"line":11,"column":21}},"11":{"start":{"line":12,"column":0},"end":{"line":12,"column":39}},"12":{"start":{"line":13,"column":0},"end":{"line":13,"column":33}},"13":{"start":{"line":14,"column":0},"end":{"line":14,"column":31}},"14":{"start":{"line":15,"column":0},"end":{"line":15,"column":47}},"15":{"start":{"line":16,"column":0},"end":{"line":16,"column":59}},"17":{"start":{"line":18,"column":0},"end":{"line":18,"column":32}},"18":{"start":{"line":19,"column":0},"end":{"line":19,"column":20}},"23":{"start":{"line":24,"column":0},"end":{"line":24,"column":11}},"25":{"start":{"line":26,"column":0},"end":{"line":26,"column":53}},"26":{"start":{"line":27,"column":0},"end":{"line":27,"column":33}},"28":{"start":{"line":29,"column":0},"end":{"line":29,"column":19}},"29":{"start":{"line":30,"column":0},"end":{"line":30,"column":40}},"30":{"start":{"line":31,"column":0},"end":{"line":31,"column":130}},"31":{"start":{"line":32,"column":0},"end":{"line":32,"column":71}},"33":{"start":{"line":34,"column":0},"end":{"line":34,"column":10}},"34":{"start":{"line":35,"column":0},"end":{"line":35,"column":5}},"36":{"start":{"line":37,"column":0},"end":{"line":37,"column":51}},"37":{"start":{"line":38,"column":0},"end":{"line":38,"column":58}},"38":{"start":{"line":39,"column":0},"end":{"line":39,"column":50}},"39":{"start":{"line":40,"column":0},"end":{"line":40,"column":5}},"41":{"start":{"line":42,"column":0},"end":{"line":42,"column":45}},"42":{"start":{"line":43,"column":0},"end":{"line":43,"column":45}},"43":{"start":{"line":44,"column":0},"end":{"line":44,"column":32}},"44":{"start":{"line":45,"column":0},"end":{"line":45,"column":43}},"45":{"start":{"line":46,"column":0},"end":{"line":46,"column":47}},"46":{"start":{"line":47,"column":0},"end":{"line":47,"column":5}},"48":{"start":{"line":49,"column":0},"end":{"line":49,"column":48}},"49":{"start":{"line":50,"column":0},"end":{"line":50,"column":69}},"50":{"start":{"line":51,"column":0},"end":{"line":51,"column":5}},"52":{"start":{"line":53,"column":0},"end":{"line":53,"column":42}},"53":{"start":{"line":54,"column":0},"end":{"line":54,"column":59}},"54":{"start":{"line":55,"column":0},"end":{"line":55,"column":5}},"56":{"start":{"line":57,"column":0},"end":{"line":57,"column":34}},"57":{"start":{"line":58,"column":0},"end":{"line":58,"column":41}},"58":{"start":{"line":59,"column":0},"end":{"line":59,"column":38}},"59":{"start":{"line":60,"column":0},"end":{"line":60,"column":110}},"60":{"start":{"line":61,"column":0},"end":{"line":61,"column":49}},"61":{"start":{"line":62,"column":0},"end":{"line":62,"column":82}},"62":{"start":{"line":63,"column":0},"end":{"line":63,"column":16}},"63":{"start":{"line":64,"column":0},"end":{"line":64,"column":63}},"64":{"start":{"line":65,"column":0},"end":{"line":65,"column":58}},"65":{"start":{"line":66,"column":0},"end":{"line":66,"column":9}},"66":{"start":{"line":67,"column":0},"end":{"line":67,"column":5}},"68":{"start":{"line":69,"column":0},"end":{"line":69,"column":89}},"69":{"start":{"line":70,"column":0},"end":{"line":70,"column":45}},"70":{"start":{"line":71,"column":0},"end":{"line":71,"column":44}},"71":{"start":{"line":72,"column":0},"end":{"line":72,"column":30}},"72":{"start":{"line":73,"column":0},"end":{"line":73,"column":47}},"73":{"start":{"line":74,"column":0},"end":{"line":74,"column":49}},"74":{"start":{"line":75,"column":0},"end":{"line":75,"column":58}},"75":{"start":{"line":76,"column":0},"end":{"line":76,"column":37}},"76":{"start":{"line":77,"column":0},"end":{"line":77,"column":45}},"77":{"start":{"line":78,"column":0},"end":{"line":78,"column":9}},"78":{"start":{"line":79,"column":0},"end":{"line":79,"column":103}},"79":{"start":{"line":80,"column":0},"end":{"line":80,"column":20}},"80":{"start":{"line":81,"column":0},"end":{"line":81,"column":5}},"82":{"start":{"line":83,"column":0},"end":{"line":83,"column":64}},"83":{"start":{"line":84,"column":0},"end":{"line":84,"column":39}},"84":{"start":{"line":85,"column":0},"end":{"line":85,"column":20}},"85":{"start":{"line":86,"column":0},"end":{"line":86,"column":5}},"87":{"start":{"line":88,"column":0},"end":{"line":88,"column":53}},"88":{"start":{"line":89,"column":0},"end":{"line":89,"column":35}},"89":{"start":{"line":90,"column":0},"end":{"line":90,"column":20}},"90":{"start":{"line":91,"column":0},"end":{"line":91,"column":5}},"92":{"start":{"line":93,"column":0},"end":{"line":93,"column":68}},"93":{"start":{"line":94,"column":0},"end":{"line":94,"column":52}},"94":{"start":{"line":95,"column":0},"end":{"line":95,"column":86}},"95":{"start":{"line":96,"column":0},"end":{"line":96,"column":44}},"96":{"start":{"line":97,"column":0},"end":{"line":97,"column":47}},"97":{"start":{"line":98,"column":0},"end":{"line":98,"column":47}},"98":{"start":{"line":99,"column":0},"end":{"line":99,"column":19}},"99":{"start":{"line":100,"column":0},"end":{"line":100,"column":5}},"101":{"start":{"line":102,"column":0},"end":{"line":102,"column":34}},"102":{"start":{"line":103,"column":0},"end":{"line":103,"column":80}},"103":{"start":{"line":104,"column":0},"end":{"line":104,"column":5}},"105":{"start":{"line":106,"column":0},"end":{"line":106,"column":86}},"107":{"start":{"line":108,"column":0},"end":{"line":108,"column":54}},"108":{"start":{"line":109,"column":0},"end":{"line":109,"column":40}},"110":{"start":{"line":111,"column":0},"end":{"line":111,"column":32}},"111":{"start":{"line":112,"column":0},"end":{"line":112,"column":78}},"112":{"start":{"line":113,"column":0},"end":{"line":113,"column":64}},"113":{"start":{"line":114,"column":0},"end":{"line":114,"column":36}},"114":{"start":{"line":115,"column":0},"end":{"line":115,"column":33}},"115":{"start":{"line":116,"column":0},"end":{"line":116,"column":15}},"116":{"start":{"line":117,"column":0},"end":{"line":117,"column":63}},"117":{"start":{"line":118,"column":0},"end":{"line":118,"column":5}},"124":{"start":{"line":125,"column":0},"end":{"line":125,"column":53}},"125":{"start":{"line":126,"column":0},"end":{"line":126,"column":60}},"126":{"start":{"line":127,"column":0},"end":{"line":127,"column":36}},"127":{"start":{"line":128,"column":0},"end":{"line":128,"column":60}},"129":{"start":{"line":130,"column":0},"end":{"line":130,"column":42}},"130":{"start":{"line":131,"column":0},"end":{"line":131,"column":75}},"131":{"start":{"line":132,"column":0},"end":{"line":132,"column":24}},"132":{"start":{"line":133,"column":0},"end":{"line":133,"column":63}},"133":{"start":{"line":134,"column":0},"end":{"line":134,"column":58}},"134":{"start":{"line":135,"column":0},"end":{"line":135,"column":91}},"135":{"start":{"line":136,"column":0},"end":{"line":136,"column":63}},"136":{"start":{"line":137,"column":0},"end":{"line":137,"column":66}},"137":{"start":{"line":138,"column":0},"end":{"line":138,"column":32}},"138":{"start":{"line":139,"column":0},"end":{"line":139,"column":81}},"139":{"start":{"line":140,"column":0},"end":{"line":140,"column":17}},"140":{"start":{"line":141,"column":0},"end":{"line":141,"column":73}},"141":{"start":{"line":142,"column":0},"end":{"line":142,"column":27}},"142":{"start":{"line":143,"column":0},"end":{"line":143,"column":13}},"143":{"start":{"line":144,"column":0},"end":{"line":144,"column":9}},"145":{"start":{"line":146,"column":0},"end":{"line":146,"column":35}},"146":{"start":{"line":147,"column":0},"end":{"line":147,"column":39}},"147":{"start":{"line":148,"column":0},"end":{"line":148,"column":24}},"148":{"start":{"line":149,"column":0},"end":{"line":149,"column":9}},"150":{"start":{"line":151,"column":0},"end":{"line":151,"column":63}},"151":{"start":{"line":152,"column":0},"end":{"line":152,"column":20}},"152":{"start":{"line":153,"column":0},"end":{"line":153,"column":5}},"154":{"start":{"line":155,"column":0},"end":{"line":155,"column":46}},"155":{"start":{"line":156,"column":0},"end":{"line":156,"column":38}},"157":{"start":{"line":158,"column":0},"end":{"line":158,"column":46}},"159":{"start":{"line":160,"column":0},"end":{"line":160,"column":25}},"160":{"start":{"line":161,"column":0},"end":{"line":161,"column":24}},"162":{"start":{"line":163,"column":0},"end":{"line":163,"column":44}},"163":{"start":{"line":164,"column":0},"end":{"line":164,"column":57}},"164":{"start":{"line":165,"column":0},"end":{"line":165,"column":44}},"165":{"start":{"line":166,"column":0},"end":{"line":166,"column":55}},"166":{"start":{"line":167,"column":0},"end":{"line":167,"column":56}},"167":{"start":{"line":168,"column":0},"end":{"line":168,"column":52}},"168":{"start":{"line":169,"column":0},"end":{"line":169,"column":51}},"169":{"start":{"line":170,"column":0},"end":{"line":170,"column":13}},"170":{"start":{"line":171,"column":0},"end":{"line":171,"column":9}},"172":{"start":{"line":173,"column":0},"end":{"line":173,"column":60}},"174":{"start":{"line":175,"column":0},"end":{"line":175,"column":42}},"175":{"start":{"line":176,"column":0},"end":{"line":176,"column":41}},"176":{"start":{"line":177,"column":0},"end":{"line":177,"column":63}},"177":{"start":{"line":178,"column":0},"end":{"line":178,"column":68}},"178":{"start":{"line":179,"column":0},"end":{"line":179,"column":13}},"180":{"start":{"line":181,"column":0},"end":{"line":181,"column":57}},"181":{"start":{"line":182,"column":0},"end":{"line":182,"column":57}},"182":{"start":{"line":183,"column":0},"end":{"line":183,"column":85}},"183":{"start":{"line":184,"column":0},"end":{"line":184,"column":31}},"185":{"start":{"line":186,"column":0},"end":{"line":186,"column":43}},"186":{"start":{"line":187,"column":0},"end":{"line":187,"column":49}},"187":{"start":{"line":188,"column":0},"end":{"line":188,"column":46}},"188":{"start":{"line":189,"column":0},"end":{"line":189,"column":13}},"190":{"start":{"line":191,"column":0},"end":{"line":191,"column":58}},"191":{"start":{"line":192,"column":0},"end":{"line":192,"column":29}},"193":{"start":{"line":194,"column":0},"end":{"line":194,"column":59}},"196":{"start":{"line":197,"column":0},"end":{"line":197,"column":61}},"199":{"start":{"line":200,"column":0},"end":{"line":200,"column":51}},"200":{"start":{"line":201,"column":0},"end":{"line":201,"column":57}},"201":{"start":{"line":202,"column":0},"end":{"line":202,"column":55}},"202":{"start":{"line":203,"column":0},"end":{"line":203,"column":50}},"203":{"start":{"line":204,"column":0},"end":{"line":204,"column":58}},"205":{"start":{"line":206,"column":0},"end":{"line":206,"column":67}},"206":{"start":{"line":207,"column":0},"end":{"line":207,"column":91}},"208":{"start":{"line":209,"column":0},"end":{"line":209,"column":34}},"209":{"start":{"line":210,"column":0},"end":{"line":210,"column":73}},"210":{"start":{"line":211,"column":0},"end":{"line":211,"column":34}},"211":{"start":{"line":212,"column":0},"end":{"line":212,"column":9}},"213":{"start":{"line":214,"column":0},"end":{"line":214,"column":23}},"214":{"start":{"line":215,"column":0},"end":{"line":215,"column":24}},"215":{"start":{"line":216,"column":0},"end":{"line":216,"column":55}},"216":{"start":{"line":217,"column":0},"end":{"line":217,"column":76}},"217":{"start":{"line":218,"column":0},"end":{"line":218,"column":21}},"218":{"start":{"line":219,"column":0},"end":{"line":219,"column":27}},"219":{"start":{"line":220,"column":0},"end":{"line":220,"column":99}},"220":{"start":{"line":221,"column":0},"end":{"line":221,"column":59}},"221":{"start":{"line":222,"column":0},"end":{"line":222,"column":94}},"222":{"start":{"line":223,"column":0},"end":{"line":223,"column":72}},"223":{"start":{"line":224,"column":0},"end":{"line":224,"column":68}},"224":{"start":{"line":225,"column":0},"end":{"line":225,"column":72}},"225":{"start":{"line":226,"column":0},"end":{"line":226,"column":21}},"226":{"start":{"line":227,"column":0},"end":{"line":227,"column":9}},"228":{"start":{"line":229,"column":0},"end":{"line":229,"column":31}},"229":{"start":{"line":230,"column":0},"end":{"line":230,"column":17}},"230":{"start":{"line":231,"column":0},"end":{"line":231,"column":5}},"232":{"start":{"line":233,"column":0},"end":{"line":233,"column":22}},"233":{"start":{"line":234,"column":0},"end":{"line":234,"column":59}},"234":{"start":{"line":235,"column":0},"end":{"line":235,"column":28}},"235":{"start":{"line":236,"column":0},"end":{"line":236,"column":24}},"236":{"start":{"line":237,"column":0},"end":{"line":237,"column":106}},"237":{"start":{"line":238,"column":0},"end":{"line":238,"column":21}},"238":{"start":{"line":239,"column":0},"end":{"line":239,"column":27}},"239":{"start":{"line":240,"column":0},"end":{"line":240,"column":100}},"240":{"start":{"line":241,"column":0},"end":{"line":241,"column":93}},"241":{"start":{"line":242,"column":0},"end":{"line":242,"column":99}},"242":{"start":{"line":243,"column":0},"end":{"line":243,"column":21}},"243":{"start":{"line":244,"column":0},"end":{"line":244,"column":9}},"244":{"start":{"line":245,"column":0},"end":{"line":245,"column":23}},"245":{"start":{"line":246,"column":0},"end":{"line":246,"column":32}},"246":{"start":{"line":247,"column":0},"end":{"line":247,"column":5}},"249":{"start":{"line":250,"column":0},"end":{"line":250,"column":72}},"250":{"start":{"line":251,"column":0},"end":{"line":251,"column":44}},"251":{"start":{"line":252,"column":0},"end":{"line":252,"column":38}},"252":{"start":{"line":253,"column":0},"end":{"line":253,"column":62}},"253":{"start":{"line":254,"column":0},"end":{"line":254,"column":66}},"254":{"start":{"line":255,"column":0},"end":{"line":255,"column":49}},"255":{"start":{"line":256,"column":0},"end":{"line":256,"column":14}},"256":{"start":{"line":257,"column":0},"end":{"line":257,"column":62}},"257":{"start":{"line":258,"column":0},"end":{"line":258,"column":34}},"258":{"start":{"line":259,"column":0},"end":{"line":259,"column":5}},"260":{"start":{"line":261,"column":0},"end":{"line":261,"column":41}},"261":{"start":{"line":262,"column":0},"end":{"line":262,"column":53}},"262":{"start":{"line":263,"column":0},"end":{"line":263,"column":5}},"263":{"start":{"line":264,"column":0},"end":{"line":264,"column":1}},"265":{"start":{"line":266,"column":0},"end":{"line":266,"column":35}},"266":{"start":{"line":267,"column":0},"end":{"line":267,"column":62}},"268":{"start":{"line":269,"column":0},"end":{"line":269,"column":40}},"269":{"start":{"line":270,"column":0},"end":{"line":270,"column":59}},"270":{"start":{"line":271,"column":0},"end":{"line":271,"column":1}}},"s":{"10":1,"11":1,"12":22,"13":22,"14":22,"15":22,"17":22,"18":22,"23":22,"25":22,"26":22,"28":1,"29":22,"30":44,"31":44,"33":22,"34":22,"36":1,"37":18,"38":18,"39":18,"41":1,"42":21,"43":21,"44":0,"45":21,"46":21,"48":1,"49":44,"50":44,"52":1,"53":0,"54":0,"56":1,"57":22,"58":22,"59":13,"60":13,"61":13,"62":22,"63":9,"64":9,"65":9,"66":22,"68":1,"69":21,"70":21,"71":1,"72":1,"73":21,"74":2,"75":2,"76":2,"77":2,"78":21,"79":21,"80":21,"82":1,"83":1,"84":1,"85":1,"87":1,"88":2,"89":2,"90":2,"92":1,"93":16,"94":16,"95":16,"96":16,"97":16,"98":16,"99":16,"101":1,"102":53,"103":53,"105":1,"107":2,"108":2,"110":2,"111":2,"112":2,"113":2,"114":2,"115":2,"116":2,"117":2,"124":1,"125":23,"126":23,"127":23,"129":23,"130":23,"131":23,"132":15,"133":15,"134":15,"135":15,"136":15,"137":2,"138":2,"139":2,"140":15,"141":15,"142":15,"143":23,"145":23,"146":1,"147":1,"148":1,"150":23,"151":6,"152":23,"154":1,"155":5,"157":5,"159":5,"160":5,"162":5,"163":17,"164":17,"165":17,"166":17,"167":8,"168":8,"169":8,"170":17,"172":5,"174":2,"175":2,"176":1,"177":1,"178":1,"180":2,"181":2,"182":2,"183":2,"185":2,"186":1,"187":1,"188":1,"190":2,"191":2,"193":2,"196":2,"199":2,"200":2,"201":2,"202":2,"203":2,"205":2,"206":2,"208":2,"209":2,"210":2,"211":2,"213":5,"214":5,"215":1,"216":1,"217":1,"218":5,"219":4,"220":4,"221":4,"222":4,"223":4,"224":4,"225":4,"226":5,"228":5,"229":5,"230":5,"232":1,"233":5,"234":5,"235":5,"236":1,"237":1,"238":5,"239":4,"240":4,"241":4,"242":4,"243":5,"244":5,"245":5,"246":5,"249":1,"250":5,"251":5,"252":2,"253":2,"254":1,"255":2,"256":3,"257":5,"258":5,"260":1,"261":0,"262":0,"263":1,"265":1,"266":1,"268":2,"269":2,"270":2},"branchMap":{"0":{"type":"branch","line":12,"loc":{"start":{"line":12,"column":12},"end":{"line":27,"column":33}},"locations":[{"start":{"line":12,"column":12},"end":{"line":27,"column":33}}]},"1":{"type":"branch","line":29,"loc":{"start":{"line":29,"column":4},"end":{"line":35,"column":5}},"locations":[{"start":{"line":29,"column":4},"end":{"line":35,"column":5}}]},"2":{"type":"branch","line":30,"loc":{"start":{"line":30,"column":32},"end":{"line":34,"column":9}},"locations":[{"start":{"line":30,"column":32},"end":{"line":34,"column":9}}]},"3":{"type":"branch","line":32,"loc":{"start":{"line":32,"column":45},"end":{"line":32,"column":69}},"locations":[{"start":{"line":32,"column":45},"end":{"line":32,"column":69}}]},"4":{"type":"branch","line":37,"loc":{"start":{"line":37,"column":12},"end":{"line":40,"column":5}},"locations":[{"start":{"line":37,"column":12},"end":{"line":40,"column":5}}]},"5":{"type":"branch","line":42,"loc":{"start":{"line":42,"column":12},"end":{"line":47,"column":5}},"locations":[{"start":{"line":42,"column":12},"end":{"line":47,"column":5}}]},"6":{"type":"branch","line":44,"loc":{"start":{"line":44,"column":27},"end":{"line":46,"column":42}},"locations":[{"start":{"line":44,"column":27},"end":{"line":46,"column":42}}]},"7":{"type":"branch","line":46,"loc":{"start":{"line":46,"column":37},"end":{"line":46,"column":47}},"locations":[{"start":{"line":46,"column":37},"end":{"line":46,"column":47}}]},"8":{"type":"branch","line":49,"loc":{"start":{"line":49,"column":12},"end":{"line":51,"column":5}},"locations":[{"start":{"line":49,"column":12},"end":{"line":51,"column":5}}]},"9":{"type":"branch","line":50,"loc":{"start":{"line":50,"column":21},"end":{"line":50,"column":42}},"locations":[{"start":{"line":50,"column":21},"end":{"line":50,"column":42}}]},"10":{"type":"branch","line":50,"loc":{"start":{"line":50,"column":47},"end":{"line":50,"column":68}},"locations":[{"start":{"line":50,"column":47},"end":{"line":50,"column":68}}]},"11":{"type":"branch","line":57,"loc":{"start":{"line":57,"column":11},"end":{"line":67,"column":5}},"locations":[{"start":{"line":57,"column":11},"end":{"line":67,"column":5}}]},"12":{"type":"branch","line":58,"loc":{"start":{"line":58,"column":31},"end":{"line":58,"column":41}},"locations":[{"start":{"line":58,"column":31},"end":{"line":58,"column":41}}]},"13":{"type":"branch","line":59,"loc":{"start":{"line":59,"column":37},"end":{"line":63,"column":15}},"locations":[{"start":{"line":59,"column":37},"end":{"line":63,"column":15}}]},"14":{"type":"branch","line":62,"loc":{"start":{"line":62,"column":33},"end":{"line":62,"column":73}},"locations":[{"start":{"line":62,"column":33},"end":{"line":62,"column":73}}]},"15":{"type":"branch","line":63,"loc":{"start":{"line":63,"column":8},"end":{"line":66,"column":9}},"locations":[{"start":{"line":63,"column":8},"end":{"line":66,"column":9}}]},"16":{"type":"branch","line":65,"loc":{"start":{"line":65,"column":19},"end":{"line":65,"column":55}},"locations":[{"start":{"line":65,"column":19},"end":{"line":65,"column":55}}]},"17":{"type":"branch","line":65,"loc":{"start":{"line":65,"column":51},"end":{"line":65,"column":58}},"locations":[{"start":{"line":65,"column":51},"end":{"line":65,"column":58}}]},"18":{"type":"branch","line":69,"loc":{"start":{"line":69,"column":11},"end":{"line":81,"column":5}},"locations":[{"start":{"line":69,"column":11},"end":{"line":81,"column":5}}]},"19":{"type":"branch","line":71,"loc":{"start":{"line":71,"column":43},"end":{"line":74,"column":19}},"locations":[{"start":{"line":71,"column":43},"end":{"line":74,"column":19}}]},"20":{"type":"branch","line":74,"loc":{"start":{"line":74,"column":8},"end":{"line":78,"column":9}},"locations":[{"start":{"line":74,"column":8},"end":{"line":78,"column":9}}]},"21":{"type":"branch","line":74,"loc":{"start":{"line":74,"column":48},"end":{"line":78,"column":9}},"locations":[{"start":{"line":74,"column":48},"end":{"line":78,"column":9}}]},"22":{"type":"branch","line":83,"loc":{"start":{"line":83,"column":11},"end":{"line":86,"column":5}},"locations":[{"start":{"line":83,"column":11},"end":{"line":86,"column":5}}]},"23":{"type":"branch","line":88,"loc":{"start":{"line":88,"column":11},"end":{"line":91,"column":5}},"locations":[{"start":{"line":88,"column":11},"end":{"line":91,"column":5}}]},"24":{"type":"branch","line":93,"loc":{"start":{"line":93,"column":11},"end":{"line":100,"column":5}},"locations":[{"start":{"line":93,"column":11},"end":{"line":100,"column":5}}]},"25":{"type":"branch","line":94,"loc":{"start":{"line":94,"column":28},"end":{"line":94,"column":42}},"locations":[{"start":{"line":94,"column":28},"end":{"line":94,"column":42}}]},"26":{"type":"branch","line":94,"loc":{"start":{"line":94,"column":42},"end":{"line":94,"column":52}},"locations":[{"start":{"line":94,"column":42},"end":{"line":94,"column":52}}]},"27":{"type":"branch","line":95,"loc":{"start":{"line":95,"column":37},"end":{"line":95,"column":57}},"locations":[{"start":{"line":95,"column":37},"end":{"line":95,"column":57}}]},"28":{"type":"branch","line":95,"loc":{"start":{"line":95,"column":73},"end":{"line":95,"column":86}},"locations":[{"start":{"line":95,"column":73},"end":{"line":95,"column":86}}]},"29":{"type":"branch","line":98,"loc":{"start":{"line":98,"column":20},"end":{"line":98,"column":45}},"locations":[{"start":{"line":98,"column":20},"end":{"line":98,"column":45}}]},"30":{"type":"branch","line":102,"loc":{"start":{"line":102,"column":12},"end":{"line":104,"column":5}},"locations":[{"start":{"line":102,"column":12},"end":{"line":104,"column":5}}]},"31":{"type":"branch","line":106,"loc":{"start":{"line":106,"column":12},"end":{"line":118,"column":5}},"locations":[{"start":{"line":106,"column":12},"end":{"line":118,"column":5}}]},"32":{"type":"branch","line":113,"loc":{"start":{"line":113,"column":51},"end":{"line":116,"column":13}},"locations":[{"start":{"line":113,"column":51},"end":{"line":116,"column":13}}]},"33":{"type":"branch","line":125,"loc":{"start":{"line":125,"column":11},"end":{"line":153,"column":5}},"locations":[{"start":{"line":125,"column":11},"end":{"line":153,"column":5}}]},"34":{"type":"branch","line":126,"loc":{"start":{"line":126,"column":22},"end":{"line":126,"column":57}},"locations":[{"start":{"line":126,"column":22},"end":{"line":126,"column":57}}]},"35":{"type":"branch","line":126,"loc":{"start":{"line":126,"column":51},"end":{"line":126,"column":60}},"locations":[{"start":{"line":126,"column":51},"end":{"line":126,"column":60}}]},"36":{"type":"branch","line":128,"loc":{"start":{"line":128,"column":12},"end":{"line":128,"column":60}},"locations":[{"start":{"line":128,"column":12},"end":{"line":128,"column":60}}]},"37":{"type":"branch","line":128,"loc":{"start":{"line":128,"column":19},"end":{"line":130,"column":41}},"locations":[{"start":{"line":128,"column":19},"end":{"line":130,"column":41}}]},"38":{"type":"branch","line":130,"loc":{"start":{"line":130,"column":41},"end":{"line":144,"column":9}},"locations":[{"start":{"line":130,"column":41},"end":{"line":144,"column":9}}]},"39":{"type":"branch","line":131,"loc":{"start":{"line":131,"column":66},"end":{"line":131,"column":75}},"locations":[{"start":{"line":131,"column":66},"end":{"line":131,"column":75}}]},"40":{"type":"branch","line":132,"loc":{"start":{"line":132,"column":23},"end":{"line":143,"column":13}},"locations":[{"start":{"line":132,"column":23},"end":{"line":143,"column":13}}]},"41":{"type":"branch","line":135,"loc":{"start":{"line":135,"column":38},"end":{"line":135,"column":85}},"locations":[{"start":{"line":135,"column":38},"end":{"line":135,"column":85}}]},"42":{"type":"branch","line":135,"loc":{"start":{"line":135,"column":81},"end":{"line":135,"column":91}},"locations":[{"start":{"line":135,"column":81},"end":{"line":135,"column":91}}]},"43":{"type":"branch","line":137,"loc":{"start":{"line":137,"column":26},"end":{"line":137,"column":65}},"locations":[{"start":{"line":137,"column":26},"end":{"line":137,"column":65}}]},"44":{"type":"branch","line":137,"loc":{"start":{"line":137,"column":65},"end":{"line":140,"column":17}},"locations":[{"start":{"line":137,"column":65},"end":{"line":140,"column":17}}]},"45":{"type":"branch","line":144,"loc":{"start":{"line":144,"column":8},"end":{"line":146,"column":34}},"locations":[{"start":{"line":144,"column":8},"end":{"line":146,"column":34}}]},"46":{"type":"branch","line":146,"loc":{"start":{"line":146,"column":34},"end":{"line":149,"column":9}},"locations":[{"start":{"line":146,"column":34},"end":{"line":149,"column":9}}]},"47":{"type":"branch","line":149,"loc":{"start":{"line":149,"column":8},"end":{"line":151,"column":26}},"locations":[{"start":{"line":149,"column":8},"end":{"line":151,"column":26}}]},"48":{"type":"branch","line":151,"loc":{"start":{"line":151,"column":18},"end":{"line":151,"column":63}},"locations":[{"start":{"line":151,"column":18},"end":{"line":151,"column":63}}]},"49":{"type":"branch","line":151,"loc":{"start":{"line":151,"column":61},"end":{"line":152,"column":20}},"locations":[{"start":{"line":151,"column":61},"end":{"line":152,"column":20}}]},"50":{"type":"branch","line":135,"loc":{"start":{"line":135,"column":63},"end":{"line":135,"column":81}},"locations":[{"start":{"line":135,"column":63},"end":{"line":135,"column":81}}]},"51":{"type":"branch","line":139,"loc":{"start":{"line":139,"column":45},"end":{"line":139,"column":79}},"locations":[{"start":{"line":139,"column":45},"end":{"line":139,"column":79}}]},"52":{"type":"branch","line":155,"loc":{"start":{"line":155,"column":4},"end":{"line":231,"column":5}},"locations":[{"start":{"line":155,"column":4},"end":{"line":231,"column":5}}]},"53":{"type":"branch","line":156,"loc":{"start":{"line":156,"column":31},"end":{"line":156,"column":38}},"locations":[{"start":{"line":156,"column":31},"end":{"line":156,"column":38}}]},"54":{"type":"branch","line":158,"loc":{"start":{"line":158,"column":30},"end":{"line":158,"column":46}},"locations":[{"start":{"line":158,"column":30},"end":{"line":158,"column":46}}]},"55":{"type":"branch","line":215,"loc":{"start":{"line":215,"column":12},"end":{"line":218,"column":21}},"locations":[{"start":{"line":215,"column":12},"end":{"line":218,"column":21}}]},"56":{"type":"branch","line":219,"loc":{"start":{"line":219,"column":12},"end":{"line":226,"column":21}},"locations":[{"start":{"line":219,"column":12},"end":{"line":226,"column":21}}]},"57":{"type":"branch","line":163,"loc":{"start":{"line":163,"column":24},"end":{"line":171,"column":9}},"locations":[{"start":{"line":163,"column":24},"end":{"line":171,"column":9}}]},"58":{"type":"branch","line":164,"loc":{"start":{"line":164,"column":22},"end":{"line":164,"column":57}},"locations":[{"start":{"line":164,"column":22},"end":{"line":164,"column":57}}]},"59":{"type":"branch","line":165,"loc":{"start":{"line":165,"column":38},"end":{"line":165,"column":44}},"locations":[{"start":{"line":165,"column":38},"end":{"line":165,"column":44}}]},"60":{"type":"branch","line":167,"loc":{"start":{"line":167,"column":55},"end":{"line":170,"column":13}},"locations":[{"start":{"line":167,"column":55},"end":{"line":170,"column":13}}]},"61":{"type":"branch","line":173,"loc":{"start":{"line":173,"column":41},"end":{"line":212,"column":9}},"locations":[{"start":{"line":173,"column":41},"end":{"line":212,"column":9}}]},"62":{"type":"branch","line":176,"loc":{"start":{"line":176,"column":40},"end":{"line":179,"column":13}},"locations":[{"start":{"line":176,"column":40},"end":{"line":179,"column":13}}]},"63":{"type":"branch","line":177,"loc":{"start":{"line":177,"column":37},"end":{"line":177,"column":63}},"locations":[{"start":{"line":177,"column":37},"end":{"line":177,"column":63}}]},"64":{"type":"branch","line":178,"loc":{"start":{"line":178,"column":61},"end":{"line":178,"column":68}},"locations":[{"start":{"line":178,"column":61},"end":{"line":178,"column":68}}]},"65":{"type":"branch","line":182,"loc":{"start":{"line":182,"column":51},"end":{"line":182,"column":57}},"locations":[{"start":{"line":182,"column":51},"end":{"line":182,"column":57}}]},"66":{"type":"branch","line":184,"loc":{"start":{"line":184,"column":25},"end":{"line":184,"column":31}},"locations":[{"start":{"line":184,"column":25},"end":{"line":184,"column":31}}]},"67":{"type":"branch","line":186,"loc":{"start":{"line":186,"column":42},"end":{"line":189,"column":13}},"locations":[{"start":{"line":186,"column":42},"end":{"line":189,"column":13}}]},"68":{"type":"branch","line":188,"loc":{"start":{"line":188,"column":40},"end":{"line":188,"column":46}},"locations":[{"start":{"line":188,"column":40},"end":{"line":188,"column":46}}]},"69":{"type":"branch","line":191,"loc":{"start":{"line":191,"column":51},"end":{"line":191,"column":58}},"locations":[{"start":{"line":191,"column":51},"end":{"line":191,"column":58}}]},"70":{"type":"branch","line":192,"loc":{"start":{"line":192,"column":23},"end":{"line":192,"column":29}},"locations":[{"start":{"line":192,"column":23},"end":{"line":192,"column":29}}]},"71":{"type":"branch","line":197,"loc":{"start":{"line":197,"column":55},"end":{"line":197,"column":61}},"locations":[{"start":{"line":197,"column":55},"end":{"line":197,"column":61}}]},"72":{"type":"branch","line":201,"loc":{"start":{"line":201,"column":16},"end":{"line":201,"column":51}},"locations":[{"start":{"line":201,"column":16},"end":{"line":201,"column":51}}]},"73":{"type":"branch","line":201,"loc":{"start":{"line":201,"column":51},"end":{"line":201,"column":57}},"locations":[{"start":{"line":201,"column":51},"end":{"line":201,"column":57}}]},"74":{"type":"branch","line":202,"loc":{"start":{"line":202,"column":49},"end":{"line":202,"column":55}},"locations":[{"start":{"line":202,"column":49},"end":{"line":202,"column":55}}]},"75":{"type":"branch","line":204,"loc":{"start":{"line":204,"column":16},"end":{"line":204,"column":52}},"locations":[{"start":{"line":204,"column":16},"end":{"line":204,"column":52}}]},"76":{"type":"branch","line":204,"loc":{"start":{"line":204,"column":52},"end":{"line":204,"column":58}},"locations":[{"start":{"line":204,"column":52},"end":{"line":204,"column":58}}]},"77":{"type":"branch","line":207,"loc":{"start":{"line":207,"column":85},"end":{"line":207,"column":91}},"locations":[{"start":{"line":207,"column":85},"end":{"line":207,"column":91}}]},"78":{"type":"branch","line":216,"loc":{"start":{"line":216,"column":40},"end":{"line":216,"column":55}},"locations":[{"start":{"line":216,"column":40},"end":{"line":216,"column":55}}]},"79":{"type":"branch","line":220,"loc":{"start":{"line":220,"column":38},"end":{"line":220,"column":99}},"locations":[{"start":{"line":220,"column":38},"end":{"line":220,"column":99}}]},"80":{"type":"branch","line":220,"loc":{"start":{"line":220,"column":79},"end":{"line":220,"column":98}},"locations":[{"start":{"line":220,"column":79},"end":{"line":220,"column":98}}]},"81":{"type":"branch","line":222,"loc":{"start":{"line":222,"column":37},"end":{"line":222,"column":94}},"locations":[{"start":{"line":222,"column":37},"end":{"line":222,"column":94}}]},"82":{"type":"branch","line":233,"loc":{"start":{"line":233,"column":4},"end":{"line":247,"column":5}},"locations":[{"start":{"line":233,"column":4},"end":{"line":247,"column":5}}]},"83":{"type":"branch","line":234,"loc":{"start":{"line":234,"column":52},"end":{"line":234,"column":59}},"locations":[{"start":{"line":234,"column":52},"end":{"line":234,"column":59}}]},"84":{"type":"branch","line":236,"loc":{"start":{"line":236,"column":12},"end":{"line":238,"column":21}},"locations":[{"start":{"line":236,"column":12},"end":{"line":238,"column":21}}]},"85":{"type":"branch","line":239,"loc":{"start":{"line":239,"column":12},"end":{"line":243,"column":21}},"locations":[{"start":{"line":239,"column":12},"end":{"line":243,"column":21}}]},"86":{"type":"branch","line":250,"loc":{"start":{"line":250,"column":4},"end":{"line":259,"column":5}},"locations":[{"start":{"line":250,"column":4},"end":{"line":259,"column":5}}]},"87":{"type":"branch","line":251,"loc":{"start":{"line":251,"column":31},"end":{"line":251,"column":44}},"locations":[{"start":{"line":251,"column":31},"end":{"line":251,"column":44}}]},"88":{"type":"branch","line":252,"loc":{"start":{"line":252,"column":37},"end":{"line":256,"column":14}},"locations":[{"start":{"line":252,"column":37},"end":{"line":256,"column":14}}]},"89":{"type":"branch","line":254,"loc":{"start":{"line":254,"column":16},"end":{"line":254,"column":31}},"locations":[{"start":{"line":254,"column":16},"end":{"line":254,"column":31}}]},"90":{"type":"branch","line":254,"loc":{"start":{"line":254,"column":31},"end":{"line":255,"column":49}},"locations":[{"start":{"line":254,"column":31},"end":{"line":255,"column":49}}]},"91":{"type":"branch","line":256,"loc":{"start":{"line":256,"column":8},"end":{"line":257,"column":62}},"locations":[{"start":{"line":256,"column":8},"end":{"line":257,"column":62}}]},"92":{"type":"branch","line":267,"loc":{"start":{"line":267,"column":7},"end":{"line":267,"column":62}},"locations":[{"start":{"line":267,"column":7},"end":{"line":267,"column":62}}]},"93":{"type":"branch","line":269,"loc":{"start":{"line":269,"column":0},"end":{"line":271,"column":1}},"locations":[{"start":{"line":269,"column":0},"end":{"line":271,"column":1}}]},"94":{"type":"branch","line":270,"loc":{"start":{"line":270,"column":39},"end":{"line":270,"column":59}},"locations":[{"start":{"line":270,"column":39},"end":{"line":270,"column":59}}]}},"b":{"0":[22],"1":[22],"2":[44],"3":[475],"4":[18],"5":[21],"6":[0],"7":[0],"8":[44],"9":[0],"10":[44],"11":[22],"12":[0],"13":[13],"14":[0],"15":[9],"16":[8],"17":[1],"18":[21],"19":[1],"20":[20],"21":[2],"22":[1],"23":[2],"24":[16],"25":[0],"26":[0],"27":[0],"28":[14],"29":[3],"30":[53],"31":[2],"32":[2],"33":[23],"34":[5],"35":[6],"36":[1],"37":[22],"38":[23],"39":[0],"40":[15],"41":[2],"42":[13],"43":[2],"44":[2],"45":[7],"46":[1],"47":[6],"48":[0],"49":[6],"50":[2],"51":[2],"52":[5],"53":[0],"54":[0],"55":[1],"56":[4],"57":[17],"58":[15],"59":[0],"60":[8],"61":[2],"62":[1],"63":[0],"64":[0],"65":[0],"66":[0],"67":[1],"68":[0],"69":[0],"70":[0],"71":[0],"72":[0],"73":[0],"74":[0],"75":[0],"76":[0],"77":[0],"78":[5],"79":[5],"80":[0],"81":[1],"82":[5],"83":[0],"84":[1],"85":[4],"86":[5],"87":[0],"88":[2],"89":[1],"90":[1],"91":[3],"92":[19],"93":[2],"94":[0]},"fnMap":{"0":{"name":"<instance_members_initializer>","decl":{"start":{"line":12,"column":12},"end":{"line":27,"column":33}},"loc":{"start":{"line":12,"column":12},"end":{"line":27,"column":33}},"line":12},"1":{"name":"Router","decl":{"start":{"line":29,"column":4},"end":{"line":35,"column":5}},"loc":{"start":{"line":29,"column":4},"end":{"line":35,"column":5}},"line":29},"2":{"name":"cleanPathString","decl":{"start":{"line":37,"column":12},"end":{"line":40,"column":5}},"loc":{"start":{"line":37,"column":12},"end":{"line":40,"column":5}},"line":37},"3":{"name":"clearQuery","decl":{"start":{"line":42,"column":12},"end":{"line":47,"column":5}},"loc":{"start":{"line":42,"column":12},"end":{"line":47,"column":5}},"line":42},"4":{"name":"isStaticFile","decl":{"start":{"line":49,"column":12},"end":{"line":51,"column":5}},"loc":{"start":{"line":49,"column":12},"end":{"line":51,"column":5}},"line":49},"5":{"name":"resetRoot","decl":{"start":{"line":53,"column":11},"end":{"line":55,"column":5}},"loc":{"start":{"line":53,"column":11},"end":{"line":55,"column":5}},"line":53},"6":{"name":"getLocation","decl":{"start":{"line":57,"column":11},"end":{"line":67,"column":5}},"loc":{"start":{"line":57,"column":11},"end":{"line":67,"column":5}},"line":57},"7":{"name":"add","decl":{"start":{"line":69,"column":11},"end":{"line":81,"column":5}},"loc":{"start":{"line":69,"column":11},"end":{"line":81,"column":5}},"line":69},"8":{"name":"onNotFound","decl":{"start":{"line":83,"column":11},"end":{"line":86,"column":5}},"loc":{"start":{"line":83,"column":11},"end":{"line":86,"column":5}},"line":83},"9":{"name":"setDecodeParams","decl":{"start":{"line":88,"column":11},"end":{"line":91,"column":5}},"loc":{"start":{"line":88,"column":11},"end":{"line":91,"column":5}},"line":88},"10":{"name":"getQueryParams","decl":{"start":{"line":93,"column":11},"end":{"line":100,"column":5}},"loc":{"start":{"line":93,"column":11},"end":{"line":100,"column":5}},"line":93},"11":{"name":"isBrowser","decl":{"start":{"line":102,"column":12},"end":{"line":104,"column":5}},"loc":{"start":{"line":102,"column":12},"end":{"line":104,"column":5}},"line":102},"12":{"name":"compilePattern","decl":{"start":{"line":106,"column":12},"end":{"line":118,"column":5}},"loc":{"start":{"line":106,"column":12},"end":{"line":118,"column":5}},"line":106},"13":{"name":"handleChange","decl":{"start":{"line":125,"column":11},"end":{"line":153,"column":5}},"loc":{"start":{"line":125,"column":11},"end":{"line":153,"column":5}},"line":125},"14":{"name":"listen","decl":{"start":{"line":155,"column":4},"end":{"line":231,"column":5}},"loc":{"start":{"line":155,"column":4},"end":{"line":231,"column":5}},"line":155},"15":{"name":"handler","decl":{"start":{"line":163,"column":24},"end":{"line":171,"column":9}},"loc":{"start":{"line":163,"column":24},"end":{"line":171,"column":9}},"line":163},"16":{"name":"handleInternalNavigation","decl":{"start":{"line":173,"column":41},"end":{"line":212,"column":9}},"loc":{"start":{"line":173,"column":41},"end":{"line":212,"column":9}},"line":173},"17":{"name":"bound.hashchange","decl":{"start":{"line":216,"column":40},"end":{"line":216,"column":55}},"loc":{"start":{"line":216,"column":40},"end":{"line":216,"column":55}},"line":216},"18":{"name":"bound.popstate","decl":{"start":{"line":220,"column":38},"end":{"line":220,"column":99}},"loc":{"start":{"line":220,"column":38},"end":{"line":220,"column":99}},"line":220},"19":{"name":"bound.keydown","decl":{"start":{"line":222,"column":37},"end":{"line":222,"column":94}},"loc":{"start":{"line":222,"column":37},"end":{"line":222,"column":94}},"line":222},"20":{"name":"unlisten","decl":{"start":{"line":233,"column":4},"end":{"line":247,"column":5}},"loc":{"start":{"line":233,"column":4},"end":{"line":247,"column":5}},"line":233},"21":{"name":"navigate","decl":{"start":{"line":250,"column":4},"end":{"line":259,"column":5}},"loc":{"start":{"line":250,"column":4},"end":{"line":259,"column":5}},"line":250},"22":{"name":"replace","decl":{"start":{"line":261,"column":4},"end":{"line":263,"column":5}},"loc":{"start":{"line":261,"column":4},"end":{"line":263,"column":5}},"line":261},"23":{"name":"createRouter","decl":{"start":{"line":267,"column":7},"end":{"line":267,"column":62}},"loc":{"start":{"line":267,"column":7},"end":{"line":267,"column":62}},"line":267},"24":{"name":"safeDecode","decl":{"start":{"line":269,"column":0},"end":{"line":271,"column":1}},"loc":{"start":{"line":269,"column":0},"end":{"line":271,"column":1}},"line":269}},"f":{"0":22,"1":22,"2":18,"3":21,"4":44,"5":0,"6":22,"7":21,"8":1,"9":2,"10":16,"11":53,"12":2,"13":23,"14":5,"15":17,"16":2,"17":5,"18":5,"19":1,"20":5,"21":5,"22":0,"23":19,"24":2}}
,"/home/dharmax/work/state-router/src/state-manager.ts": {"path":"/home/dharmax/work/state-router/src/state-manager.ts","all":false,"statementMap":{"0":{"start":{"line":1,"column":0},"end":{"line":1,"column":67}},"14":{"start":{"line":15,"column":0},"end":{"line":15,"column":27}},"15":{"start":{"line":16,"column":0},"end":{"line":16,"column":64}},"16":{"start":{"line":17,"column":0},"end":{"line":17,"column":38}},"17":{"start":{"line":18,"column":0},"end":{"line":18,"column":43}},"18":{"start":{"line":19,"column":0},"end":{"line":19,"column":29}},"20":{"start":{"line":21,"column":0},"end":{"line":21,"column":41}},"21":{"start":{"line":22,"column":0},"end":{"line":22,"column":54}},"23":{"start":{"line":24,"column":0},"end":{"line":24,"column":30}},"25":{"start":{"line":26,"column":0},"end":{"line":26,"column":117}},"26":{"start":{"line":27,"column":0},"end":{"line":27,"column":138}},"28":{"start":{"line":29,"column":0},"end":{"line":29,"column":108}},"29":{"start":{"line":30,"column":0},"end":{"line":30,"column":36}},"30":{"start":{"line":31,"column":0},"end":{"line":31,"column":22}},"31":{"start":{"line":32,"column":0},"end":{"line":32,"column":36}},"32":{"start":{"line":33,"column":0},"end":{"line":33,"column":5}},"34":{"start":{"line":35,"column":0},"end":{"line":35,"column":13}},"35":{"start":{"line":36,"column":0},"end":{"line":36,"column":37}},"36":{"start":{"line":37,"column":0},"end":{"line":37,"column":5}},"38":{"start":{"line":39,"column":0},"end":{"line":39,"column":12}},"41":{"start":{"line":42,"column":0},"end":{"line":42,"column":63}},"42":{"start":{"line":43,"column":0},"end":{"line":43,"column":5}},"44":{"start":{"line":45,"column":0},"end":{"line":45,"column":79}},"46":{"start":{"line":47,"column":0},"end":{"line":47,"column":67}},"47":{"start":{"line":48,"column":0},"end":{"line":48,"column":5}},"54":{"start":{"line":55,"column":0},"end":{"line":55,"column":101}},"55":{"start":{"line":56,"column":0},"end":{"line":56,"column":54}},"56":{"start":{"line":57,"column":0},"end":{"line":57,"column":5}},"58":{"start":{"line":59,"column":0},"end":{"line":59,"column":34}},"59":{"start":{"line":60,"column":0},"end":{"line":60,"column":52}},"60":{"start":{"line":61,"column":0},"end":{"line":61,"column":5}},"62":{"start":{"line":63,"column":0},"end":{"line":63,"column":20}},"63":{"start":{"line":64,"column":0},"end":{"line":64,"column":33}},"64":{"start":{"line":65,"column":0},"end":{"line":65,"column":5}},"66":{"start":{"line":67,"column":0},"end":{"line":67,"column":24}},"67":{"start":{"line":68,"column":0},"end":{"line":68,"column":32}},"68":{"start":{"line":69,"column":0},"end":{"line":69,"column":5}},"74":{"start":{"line":75,"column":0},"end":{"line":75,"column":77}},"75":{"start":{"line":76,"column":0},"end":{"line":76,"column":35}},"76":{"start":{"line":77,"column":0},"end":{"line":77,"column":39}},"77":{"start":{"line":78,"column":0},"end":{"line":78,"column":38}},"78":{"start":{"line":79,"column":0},"end":{"line":79,"column":14}},"79":{"start":{"line":80,"column":0},"end":{"line":80,"column":32}},"80":{"start":{"line":81,"column":0},"end":{"line":81,"column":5}},"83":{"start":{"line":84,"column":0},"end":{"line":84,"column":54}},"84":{"start":{"line":85,"column":0},"end":{"line":85,"column":59}},"85":{"start":{"line":86,"column":0},"end":{"line":86,"column":18}},"86":{"start":{"line":87,"column":0},"end":{"line":87,"column":42}},"87":{"start":{"line":88,"column":0},"end":{"line":88,"column":5}},"94":{"start":{"line":95,"column":0},"end":{"line":95,"column":86}},"96":{"start":{"line":97,"column":0},"end":{"line":97,"column":51}},"97":{"start":{"line":98,"column":0},"end":{"line":98,"column":24}},"98":{"start":{"line":99,"column":0},"end":{"line":99,"column":53}},"99":{"start":{"line":100,"column":0},"end":{"line":100,"column":24}},"100":{"start":{"line":101,"column":0},"end":{"line":101,"column":9}},"103":{"start":{"line":104,"column":0},"end":{"line":104,"column":115}},"104":{"start":{"line":105,"column":0},"end":{"line":105,"column":115}},"105":{"start":{"line":106,"column":0},"end":{"line":106,"column":74}},"106":{"start":{"line":107,"column":0},"end":{"line":107,"column":24}},"109":{"start":{"line":110,"column":0},"end":{"line":110,"column":42}},"110":{"start":{"line":111,"column":0},"end":{"line":111,"column":35}},"111":{"start":{"line":112,"column":0},"end":{"line":112,"column":32}},"112":{"start":{"line":113,"column":0},"end":{"line":113,"column":78}},"114":{"start":{"line":115,"column":0},"end":{"line":115,"column":52}},"115":{"start":{"line":116,"column":0},"end":{"line":116,"column":64}},"116":{"start":{"line":117,"column":0},"end":{"line":117,"column":9}},"117":{"start":{"line":118,"column":0},"end":{"line":118,"column":19}},"118":{"start":{"line":119,"column":0},"end":{"line":119,"column":5}},"127":{"start":{"line":128,"column":0},"end":{"line":128,"column":98}},"129":{"start":{"line":130,"column":0},"end":{"line":130,"column":35}},"130":{"start":{"line":131,"column":0},"end":{"line":131,"column":33}},"131":{"start":{"line":132,"column":0},"end":{"line":132,"column":63}},"133":{"start":{"line":134,"column":0},"end":{"line":134,"column":59}},"134":{"start":{"line":135,"column":0},"end":{"line":135,"column":47}},"135":{"start":{"line":136,"column":0},"end":{"line":136,"column":9}},"136":{"start":{"line":137,"column":0},"end":{"line":137,"column":35}},"137":{"start":{"line":138,"column":0},"end":{"line":138,"column":17}},"138":{"start":{"line":139,"column":0},"end":{"line":139,"column":21}},"139":{"start":{"line":140,"column":0},"end":{"line":140,"column":18}},"140":{"start":{"line":141,"column":0},"end":{"line":141,"column":16}},"141":{"start":{"line":142,"column":0},"end":{"line":142,"column":10}},"142":{"start":{"line":143,"column":0},"end":{"line":143,"column":5}},"144":{"start":{"line":145,"column":0},"end":{"line":145,"column":51}},"145":{"start":{"line":146,"column":0},"end":{"line":146,"column":42}},"146":{"start":{"line":147,"column":0},"end":{"line":147,"column":25}},"147":{"start":{"line":148,"column":0},"end":{"line":148,"column":73}},"150":{"start":{"line":151,"column":0},"end":{"line":151,"column":64}},"151":{"start":{"line":152,"column":0},"end":{"line":152,"column":120}},"152":{"start":{"line":153,"column":0},"end":{"line":153,"column":59}},"154":{"start":{"line":155,"column":0},"end":{"line":155,"column":124}},"156":{"start":{"line":157,"column":0},"end":{"line":157,"column":94}},"157":{"start":{"line":158,"column":0},"end":{"line":158,"column":13}},"158":{"start":{"line":159,"column":0},"end":{"line":159,"column":10}},"159":{"start":{"line":160,"column":0},"end":{"line":160,"column":5}},"161":{"start":{"line":162,"column":0},"end":{"line":162,"column":102}},"162":{"start":{"line":163,"column":0},"end":{"line":163,"column":47}},"163":{"start":{"line":164,"column":0},"end":{"line":164,"column":5}},"165":{"start":{"line":166,"column":0},"end":{"line":166,"column":123}},"166":{"start":{"line":167,"column":0},"end":{"line":167,"column":46}},"167":{"start":{"line":168,"column":0},"end":{"line":168,"column":5}},"169":{"start":{"line":170,"column":0},"end":{"line":170,"column":49}},"172":{"start":{"line":173,"column":0},"end":{"line":173,"column":74}},"173":{"start":{"line":174,"column":0},"end":{"line":174,"column":5}},"174":{"start":{"line":175,"column":0},"end":{"line":175,"column":1}},"176":{"start":{"line":177,"column":0},"end":{"line":177,"column":133}},"177":{"start":{"line":178,"column":0},"end":{"line":178,"column":60}},"178":{"start":{"line":179,"column":0},"end":{"line":179,"column":1}}},"s":{"0":1,"14":1,"15":1,"16":1,"17":1,"18":1,"20":1,"21":1,"23":1,"25":1,"26":1,"28":1,"29":6,"30":6,"31":6,"32":6,"34":1,"35":0,"36":0,"38":1,"41":0,"42":0,"44":1,"46":1,"47":1,"54":1,"55":1,"56":1,"58":1,"59":8,"60":8,"62":1,"63":1,"64":1,"66":1,"67":5,"68":5,"74":1,"75":0,"76":0,"77":0,"78":0,"79":0,"80":0,"83":1,"84":1,"85":1,"86":1,"87":1,"94":1,"96":9,"97":9,"98":0,"99":0,"100":0,"103":9,"104":9,"105":9,"106":9,"109":8,"110":8,"111":8,"112":8,"114":9,"115":0,"116":0,"117":8,"118":9,"127":1,"129":9,"130":9,"131":9,"133":1,"134":1,"135":1,"136":9,"137":9,"138":9,"139":9,"140":9,"141":9,"142":9,"144":1,"145":9,"146":9,"147":9,"150":5,"151":5,"152":5,"154":5,"156":5,"157":5,"158":9,"159":9,"161":1,"162":0,"163":0,"165":1,"166":0,"167":0,"169":1,"172":0,"173":0,"174":1,"176":1,"177":6,"178":6},"branchMap":{"0":{"type":"branch","line":29,"loc":{"start":{"line":29,"column":4},"end":{"line":33,"column":5}},"locations":[{"start":{"line":29,"column":4},"end":{"line":33,"column":5}}]},"1":{"type":"branch","line":32,"loc":{"start":{"line":32,"column":12},"end":{"line":32,"column":36}},"locations":[{"start":{"line":32,"column":12},"end":{"line":32,"column":36}}]},"2":{"type":"branch","line":21,"loc":{"start":{"line":21,"column":4},"end":{"line":21,"column":41}},"locations":[{"start":{"line":21,"column":4},"end":{"line":21,"column":41}}]},"3":{"type":"branch","line":45,"loc":{"start":{"line":45,"column":4},"end":{"line":48,"column":5}},"locations":[{"start":{"line":45,"column":4},"end":{"line":48,"column":5}}]},"4":{"type":"branch","line":55,"loc":{"start":{"line":55,"column":4},"end":{"line":57,"column":5}},"locations":[{"start":{"line":55,"column":4},"end":{"line":57,"column":5}}]},"5":{"type":"branch","line":59,"loc":{"start":{"line":59,"column":4},"end":{"line":61,"column":5}},"locations":[{"start":{"line":59,"column":4},"end":{"line":61,"column":5}}]},"6":{"type":"branch","line":60,"loc":{"start":{"line":60,"column":20},"end":{"line":60,"column":52}},"locations":[{"start":{"line":60,"column":20},"end":{"line":60,"column":52}}]},"7":{"type":"branch","line":63,"loc":{"start":{"line":63,"column":4},"end":{"line":65,"column":5}},"locations":[{"start":{"line":63,"column":4},"end":{"line":65,"column":5}}]},"8":{"type":"branch","line":67,"loc":{"start":{"line":67,"column":4},"end":{"line":69,"column":5}},"locations":[{"start":{"line":67,"column":4},"end":{"line":69,"column":5}}]},"9":{"type":"branch","line":84,"loc":{"start":{"line":84,"column":4},"end":{"line":88,"column":5}},"locations":[{"start":{"line":84,"column":4},"end":{"line":88,"column":5}}]},"10":{"type":"branch","line":86,"loc":{"start":{"line":86,"column":12},"end":{"line":86,"column":18}},"locations":[{"start":{"line":86,"column":12},"end":{"line":86,"column":18}}]},"11":{"type":"branch","line":95,"loc":{"start":{"line":95,"column":4},"end":{"line":119,"column":5}},"locations":[{"start":{"line":95,"column":4},"end":{"line":119,"column":5}}]},"12":{"type":"branch","line":98,"loc":{"start":{"line":98,"column":23},"end":{"line":101,"column":9}},"locations":[{"start":{"line":98,"column":23},"end":{"line":101,"column":9}}]},"13":{"type":"branch","line":106,"loc":{"start":{"line":106,"column":46},"end":{"line":106,"column":74}},"locations":[{"start":{"line":106,"column":46},"end":{"line":106,"column":74}}]},"14":{"type":"branch","line":107,"loc":{"start":{"line":107,"column":12},"end":{"line":107,"column":24}},"locations":[{"start":{"line":107,"column":12},"end":{"line":107,"column":24}}]},"15":{"type":"branch","line":107,"loc":{"start":{"line":107,"column":19},"end":{"line":115,"column":51}},"locations":[{"start":{"line":107,"column":19},"end":{"line":115,"column":51}}]},"16":{"type":"branch","line":115,"loc":{"start":{"line":115,"column":51},"end":{"line":117,"column":9}},"locations":[{"start":{"line":115,"column":51},"end":{"line":117,"column":9}}]},"17":{"type":"branch","line":117,"loc":{"start":{"line":117,"column":8},"end":{"line":118,"column":19}},"locations":[{"start":{"line":117,"column":8},"end":{"line":118,"column":19}}]},"18":{"type":"branch","line":104,"loc":{"start":{"line":104,"column":81},"end":{"line":104,"column":113}},"locations":[{"start":{"line":104,"column":81},"end":{"line":104,"column":113}}]},"19":{"type":"branch","line":128,"loc":{"start":{"line":128,"column":4},"end":{"line":143,"column":5}},"locations":[{"start":{"line":128,"column":4},"end":{"line":143,"column":5}}]},"20":{"type":"branch","line":130,"loc":{"start":{"line":130,"column":19},"end":{"line":130,"column":35}},"locations":[{"start":{"line":130,"column":19},"end":{"line":130,"column":35}}]},"21":{"type":"branch","line":131,"loc":{"start":{"line":131,"column":16},"end":{"line":131,"column":33}},"locations":[{"start":{"line":131,"column":16},"end":{"line":131,"column":33}}]},"22":{"type":"branch","line":132,"loc":{"start":{"line":132,"column":29},"end":{"line":132,"column":62}},"locations":[{"start":{"line":132,"column":29},"end":{"line":132,"column":62}}]},"23":{"type":"branch","line":132,"loc":{"start":{"line":132,"column":62},"end":{"line":136,"column":9}},"locations":[{"start":{"line":132,"column":62},"end":{"line":136,"column":9}}]},"24":{"type":"branch","line":145,"loc":{"start":{"line":145,"column":4},"end":{"line":160,"column":5}},"locations":[{"start":{"line":145,"column":4},"end":{"line":160,"column":5}}]},"25":{"type":"branch","line":148,"loc":{"start":{"line":148,"column":37},"end":{"line":159,"column":9}},"locations":[{"start":{"line":148,"column":37},"end":{"line":159,"column":9}}]},"26":{"type":"branch","line":151,"loc":{"start":{"line":151,"column":49},"end":{"line":151,"column":64}},"locations":[{"start":{"line":151,"column":49},"end":{"line":151,"column":64}}]},"27":{"type":"branch","line":152,"loc":{"start":{"line":152,"column":28},"end":{"line":152,"column":65}},"locations":[{"start":{"line":152,"column":28},"end":{"line":152,"column":65}}]},"28":{"type":"branch","line":152,"loc":{"start":{"line":152,"column":56},"end":{"line":152,"column":74}},"locations":[{"start":{"line":152,"column":56},"end":{"line":152,"column":74}}]},"29":{"type":"branch","line":152,"loc":{"start":{"line":152,"column":65},"end":{"line":152,"column":120}},"locations":[{"start":{"line":152,"column":65},"end":{"line":152,"column":120}}]},"30":{"type":"branch","line":152,"loc":{"start":{"line":152,"column":93},"end":{"line":152,"column":111}},"locations":[{"start":{"line":152,"column":93},"end":{"line":152,"column":111}}]},"31":{"type":"branch","line":152,"loc":{"start":{"line":152,"column":107},"end":{"line":152,"column":120}},"locations":[{"start":{"line":152,"column":107},"end":{"line":152,"column":120}}]},"32":{"type":"branch","line":155,"loc":{"start":{"line":155,"column":23},"end":{"line":155,"column":124}},"locations":[{"start":{"line":155,"column":23},"end":{"line":155,"column":124}}]},"33":{"type":"branch","line":157,"loc":{"start":{"line":157,"column":23},"end":{"line":157,"column":94}},"locations":[{"start":{"line":157,"column":23},"end":{"line":157,"column":94}}]},"34":{"type":"branch","line":177,"loc":{"start":{"line":177,"column":7},"end":{"line":179,"column":1}},"locations":[{"start":{"line":177,"column":7},"end":{"line":179,"column":1}}]}},"b":{"0":[6],"1":[0],"2":[2],"3":[1],"4":[1],"5":[8],"6":[0],"7":[1],"8":[5],"9":[1],"10":[0],"11":[9],"12":[0],"13":[8],"14":[1],"15":[8],"16":[0],"17":[8],"18":[1],"19":[9],"20":[0],"21":[0],"22":[2],"23":[1],"24":[9],"25":[5],"26":[4],"27":[1],"28":[1],"29":[4],"30":[3],"31":[1],"32":[0],"33":[0],"34":[6]},"fnMap":{"0":{"name":"StateManager","decl":{"start":{"line":29,"column":4},"end":{"line":33,"column":5}},"loc":{"start":{"line":29,"column":4},"end":{"line":33,"column":5}},"line":29},"1":{"name":"<static_initializer>","decl":{"start":{"line":21,"column":4},"end":{"line":21,"column":41}},"loc":{"start":{"line":21,"column":4},"end":{"line":21,"column":41}},"line":21},"2":{"name":"start","decl":{"start":{"line":35,"column":4},"end":{"line":37,"column":5}},"loc":{"start":{"line":35,"column":4},"end":{"line":37,"column":5}},"line":35},"3":{"name":"stop","decl":{"start":{"line":39,"column":4},"end":{"line":43,"column":5}},"loc":{"start":{"line":39,"column":4},"end":{"line":43,"column":5}},"line":39},"4":{"name":"onChange","decl":{"start":{"line":45,"column":4},"end":{"line":48,"column":5}},"loc":{"start":{"line":45,"column":4},"end":{"line":48,"column":5}},"line":45},"5":{"name":"registerChangeAuthority","decl":{"start":{"line":55,"column":4},"end":{"line":57,"column":5}},"loc":{"start":{"line":55,"column":4},"end":{"line":57,"column":5}},"line":55},"6":{"name":"getState","decl":{"start":{"line":59,"column":4},"end":{"line":61,"column":5}},"loc":{"start":{"line":59,"column":4},"end":{"line":61,"column":5}},"line":59},"7":{"name":"get previous","decl":{"start":{"line":63,"column":4},"end":{"line":65,"column":5}},"loc":{"start":{"line":63,"column":4},"end":{"line":65,"column":5}},"line":63},"8":{"name":"get context","decl":{"start":{"line":67,"column":4},"end":{"line":69,"column":5}},"loc":{"start":{"line":67,"column":4},"end":{"line":69,"column":5}},"line":67},"9":{"name":"set state","decl":{"start":{"line":75,"column":4},"end":{"line":81,"column":5}},"loc":{"start":{"line":75,"column":4},"end":{"line":81,"column":5}},"line":75},"10":{"name":"restoreState","decl":{"start":{"line":84,"column":4},"end":{"line":88,"column":5}},"loc":{"start":{"line":84,"column":4},"end":{"line":88,"column":5}},"line":84},"11":{"name":"setState","decl":{"start":{"line":95,"column":4},"end":{"line":119,"column":5}},"loc":{"start":{"line":95,"column":4},"end":{"line":119,"column":5}},"line":95},"12":{"name":"addState","decl":{"start":{"line":128,"column":4},"end":{"line":143,"column":5}},"loc":{"start":{"line":128,"column":4},"end":{"line":143,"column":5}},"line":128},"13":{"name":"registerStateByState","decl":{"start":{"line":145,"column":4},"end":{"line":160,"column":5}},"loc":{"start":{"line":145,"column":4},"end":{"line":160,"column":5}},"line":145},"14":{"name":"onBeforeChange","decl":{"start":{"line":162,"column":4},"end":{"line":164,"column":5}},"loc":{"start":{"line":162,"column":4},"end":{"line":164,"column":5}},"line":162},"15":{"name":"onAfterChange","decl":{"start":{"line":166,"column":4},"end":{"line":168,"column":5}},"loc":{"start":{"line":166,"column":4},"end":{"line":168,"column":5}},"line":166},"16":{"name":"onNotFound","decl":{"start":{"line":170,"column":4},"end":{"line":174,"column":5}},"loc":{"start":{"line":170,"column":4},"end":{"line":174,"column":5}},"line":170},"17":{"name":"createStateManager","decl":{"start":{"line":177,"column":7},"end":{"line":179,"column":1}},"loc":{"start":{"line":177,"column":7},"end":{"line":179,"column":1}},"line":177}},"f":{"0":6,"1":2,"2":0,"3":0,"4":1,"5":1,"6":8,"7":1,"8":5,"9":0,"10":1,"11":9,"12":9,"13":9,"14":0,"15":0,"16":0,"17":6}}
}
