{"/home/dharmax/work/state-router/src/index.ts": {"path":"/home/dharmax/work/state-router/src/index.ts","all":false,"statementMap":{"0":{"start":{"line":1,"column":0},"end":{"line":1,"column":25}},"1":{"start":{"line":2,"column":0},"end":{"line":2,"column":32}}},"s":{"0":1,"1":1},"branchMap":{},"b":{},"fnMap":{},"f":{}}
,"/home/dharmax/work/state-router/src/router.ts": {"path":"/home/dharmax/work/state-router/src/router.ts","all":false,"statementMap":{"10":{"start":{"line":11,"column":0},"end":{"line":11,"column":21}},"11":{"start":{"line":12,"column":0},"end":{"line":12,"column":32}},"12":{"start":{"line":13,"column":0},"end":{"line":13,"column":26}},"13":{"start":{"line":14,"column":0},"end":{"line":14,"column":24}},"14":{"start":{"line":15,"column":0},"end":{"line":15,"column":30}},"15":{"start":{"line":16,"column":0},"end":{"line":16,"column":40}},"16":{"start":{"line":17,"column":0},"end":{"line":17,"column":59}},"18":{"start":{"line":19,"column":0},"end":{"line":19,"column":25}},"19":{"start":{"line":20,"column":0},"end":{"line":20,"column":13}},"24":{"start":{"line":25,"column":0},"end":{"line":25,"column":11}},"26":{"start":{"line":27,"column":0},"end":{"line":27,"column":46}},"27":{"start":{"line":28,"column":0},"end":{"line":28,"column":26}},"29":{"start":{"line":30,"column":0},"end":{"line":30,"column":19}},"30":{"start":{"line":31,"column":0},"end":{"line":31,"column":40}},"31":{"start":{"line":32,"column":0},"end":{"line":32,"column":130}},"32":{"start":{"line":33,"column":0},"end":{"line":33,"column":71}},"33":{"start":{"line":34,"column":0},"end":{"line":34,"column":11}},"34":{"start":{"line":35,"column":0},"end":{"line":35,"column":5}},"36":{"start":{"line":37,"column":0},"end":{"line":37,"column":44}},"37":{"start":{"line":38,"column":0},"end":{"line":38,"column":58}},"38":{"start":{"line":39,"column":0},"end":{"line":39,"column":50}},"39":{"start":{"line":40,"column":0},"end":{"line":40,"column":5}},"41":{"start":{"line":42,"column":0},"end":{"line":42,"column":38}},"42":{"start":{"line":43,"column":0},"end":{"line":43,"column":45}},"43":{"start":{"line":44,"column":0},"end":{"line":44,"column":32}},"44":{"start":{"line":45,"column":0},"end":{"line":45,"column":43}},"45":{"start":{"line":46,"column":0},"end":{"line":46,"column":47}},"46":{"start":{"line":47,"column":0},"end":{"line":47,"column":5}},"48":{"start":{"line":49,"column":0},"end":{"line":49,"column":41}},"49":{"start":{"line":50,"column":0},"end":{"line":50,"column":61}},"50":{"start":{"line":51,"column":0},"end":{"line":51,"column":5}},"52":{"start":{"line":53,"column":0},"end":{"line":53,"column":42}},"53":{"start":{"line":54,"column":0},"end":{"line":54,"column":51}},"54":{"start":{"line":55,"column":0},"end":{"line":55,"column":41}},"55":{"start":{"line":56,"column":0},"end":{"line":56,"column":56}},"56":{"start":{"line":57,"column":0},"end":{"line":57,"column":5}},"58":{"start":{"line":59,"column":0},"end":{"line":59,"column":45}},"59":{"start":{"line":60,"column":0},"end":{"line":60,"column":26}},"60":{"start":{"line":61,"column":0},"end":{"line":61,"column":5}},"62":{"start":{"line":63,"column":0},"end":{"line":63,"column":34}},"63":{"start":{"line":64,"column":0},"end":{"line":64,"column":42}},"64":{"start":{"line":65,"column":0},"end":{"line":65,"column":39}},"65":{"start":{"line":66,"column":0},"end":{"line":66,"column":88}},"66":{"start":{"line":67,"column":0},"end":{"line":67,"column":50}},"68":{"start":{"line":69,"column":0},"end":{"line":69,"column":51}},"69":{"start":{"line":70,"column":0},"end":{"line":70,"column":100}},"70":{"start":{"line":71,"column":0},"end":{"line":71,"column":68}},"71":{"start":{"line":72,"column":0},"end":{"line":72,"column":13}},"72":{"start":{"line":73,"column":0},"end":{"line":73,"column":55}},"73":{"start":{"line":74,"column":0},"end":{"line":74,"column":28}},"74":{"start":{"line":75,"column":0},"end":{"line":75,"column":16}},"75":{"start":{"line":76,"column":0},"end":{"line":76,"column":63}},"76":{"start":{"line":77,"column":0},"end":{"line":77,"column":59}},"77":{"start":{"line":78,"column":0},"end":{"line":78,"column":9}},"78":{"start":{"line":79,"column":0},"end":{"line":79,"column":5}},"80":{"start":{"line":81,"column":0},"end":{"line":81,"column":89}},"81":{"start":{"line":82,"column":0},"end":{"line":82,"column":45}},"82":{"start":{"line":83,"column":0},"end":{"line":83,"column":44}},"83":{"start":{"line":84,"column":0},"end":{"line":84,"column":30}},"84":{"start":{"line":85,"column":0},"end":{"line":85,"column":47}},"85":{"start":{"line":86,"column":0},"end":{"line":86,"column":49}},"86":{"start":{"line":87,"column":0},"end":{"line":87,"column":59}},"87":{"start":{"line":88,"column":0},"end":{"line":88,"column":37}},"88":{"start":{"line":89,"column":0},"end":{"line":89,"column":45}},"89":{"start":{"line":90,"column":0},"end":{"line":90,"column":9}},"90":{"start":{"line":91,"column":0},"end":{"line":91,"column":104}},"91":{"start":{"line":92,"column":0},"end":{"line":92,"column":20}},"92":{"start":{"line":93,"column":0},"end":{"line":93,"column":5}},"94":{"start":{"line":95,"column":0},"end":{"line":95,"column":64}},"95":{"start":{"line":96,"column":0},"end":{"line":96,"column":40}},"96":{"start":{"line":97,"column":0},"end":{"line":97,"column":20}},"97":{"start":{"line":98,"column":0},"end":{"line":98,"column":5}},"99":{"start":{"line":100,"column":0},"end":{"line":100,"column":53}},"100":{"start":{"line":101,"column":0},"end":{"line":101,"column":36}},"101":{"start":{"line":102,"column":0},"end":{"line":102,"column":20}},"102":{"start":{"line":103,"column":0},"end":{"line":103,"column":5}},"104":{"start":{"line":105,"column":0},"end":{"line":105,"column":68}},"105":{"start":{"line":106,"column":0},"end":{"line":106,"column":53}},"106":{"start":{"line":107,"column":0},"end":{"line":107,"column":86}},"107":{"start":{"line":108,"column":0},"end":{"line":108,"column":44}},"108":{"start":{"line":109,"column":0},"end":{"line":109,"column":47}},"109":{"start":{"line":110,"column":0},"end":{"line":110,"column":47}},"110":{"start":{"line":111,"column":0},"end":{"line":111,"column":19}},"111":{"start":{"line":112,"column":0},"end":{"line":112,"column":5}},"113":{"start":{"line":114,"column":0},"end":{"line":114,"column":27}},"114":{"start":{"line":115,"column":0},"end":{"line":115,"column":80}},"115":{"start":{"line":116,"column":0},"end":{"line":116,"column":5}},"117":{"start":{"line":118,"column":0},"end":{"line":118,"column":79}},"119":{"start":{"line":120,"column":0},"end":{"line":120,"column":54}},"120":{"start":{"line":121,"column":0},"end":{"line":121,"column":40}},"122":{"start":{"line":123,"column":0},"end":{"line":123,"column":32}},"123":{"start":{"line":124,"column":0},"end":{"line":124,"column":78}},"124":{"start":{"line":125,"column":0},"end":{"line":125,"column":64}},"125":{"start":{"line":126,"column":0},"end":{"line":126,"column":36}},"126":{"start":{"line":127,"column":0},"end":{"line":127,"column":33}},"127":{"start":{"line":128,"column":0},"end":{"line":128,"column":15}},"128":{"start":{"line":129,"column":0},"end":{"line":129,"column":63}},"129":{"start":{"line":130,"column":0},"end":{"line":130,"column":5}},"136":{"start":{"line":137,"column":0},"end":{"line":137,"column":53}},"137":{"start":{"line":138,"column":0},"end":{"line":138,"column":60}},"138":{"start":{"line":139,"column":0},"end":{"line":139,"column":37}},"139":{"start":{"line":140,"column":0},"end":{"line":140,"column":60}},"141":{"start":{"line":142,"column":0},"end":{"line":142,"column":43}},"142":{"start":{"line":143,"column":0},"end":{"line":143,"column":75}},"143":{"start":{"line":144,"column":0},"end":{"line":144,"column":24}},"144":{"start":{"line":145,"column":0},"end":{"line":145,"column":63}},"145":{"start":{"line":146,"column":0},"end":{"line":146,"column":58}},"146":{"start":{"line":147,"column":0},"end":{"line":147,"column":92}},"147":{"start":{"line":148,"column":0},"end":{"line":148,"column":63}},"148":{"start":{"line":149,"column":0},"end":{"line":149,"column":66}},"149":{"start":{"line":150,"column":0},"end":{"line":150,"column":32}},"150":{"start":{"line":151,"column":0},"end":{"line":151,"column":81}},"151":{"start":{"line":152,"column":0},"end":{"line":152,"column":17}},"152":{"start":{"line":153,"column":0},"end":{"line":153,"column":73}},"153":{"start":{"line":154,"column":0},"end":{"line":154,"column":27}},"154":{"start":{"line":155,"column":0},"end":{"line":155,"column":13}},"155":{"start":{"line":156,"column":0},"end":{"line":156,"column":9}},"157":{"start":{"line":158,"column":0},"end":{"line":158,"column":36}},"158":{"start":{"line":159,"column":0},"end":{"line":159,"column":40}},"159":{"start":{"line":160,"column":0},"end":{"line":160,"column":24}},"160":{"start":{"line":161,"column":0},"end":{"line":161,"column":9}},"162":{"start":{"line":163,"column":0},"end":{"line":163,"column":63}},"163":{"start":{"line":164,"column":0},"end":{"line":164,"column":20}},"164":{"start":{"line":165,"column":0},"end":{"line":165,"column":5}},"166":{"start":{"line":167,"column":0},"end":{"line":167,"column":46}},"167":{"start":{"line":168,"column":0},"end":{"line":168,"column":39}},"169":{"start":{"line":170,"column":0},"end":{"line":170,"column":47}},"171":{"start":{"line":172,"column":0},"end":{"line":172,"column":25}},"172":{"start":{"line":173,"column":0},"end":{"line":173,"column":25}},"174":{"start":{"line":175,"column":0},"end":{"line":175,"column":44}},"175":{"start":{"line":176,"column":0},"end":{"line":176,"column":57}},"176":{"start":{"line":177,"column":0},"end":{"line":177,"column":45}},"177":{"start":{"line":178,"column":0},"end":{"line":178,"column":55}},"178":{"start":{"line":179,"column":0},"end":{"line":179,"column":57}},"179":{"start":{"line":180,"column":0},"end":{"line":180,"column":53}},"180":{"start":{"line":181,"column":0},"end":{"line":181,"column":51}},"181":{"start":{"line":182,"column":0},"end":{"line":182,"column":13}},"182":{"start":{"line":183,"column":0},"end":{"line":183,"column":9}},"184":{"start":{"line":185,"column":0},"end":{"line":185,"column":60}},"186":{"start":{"line":187,"column":0},"end":{"line":187,"column":42}},"187":{"start":{"line":188,"column":0},"end":{"line":188,"column":41}},"188":{"start":{"line":189,"column":0},"end":{"line":189,"column":63}},"189":{"start":{"line":190,"column":0},"end":{"line":190,"column":68}},"190":{"start":{"line":191,"column":0},"end":{"line":191,"column":13}},"192":{"start":{"line":193,"column":0},"end":{"line":193,"column":57}},"193":{"start":{"line":194,"column":0},"end":{"line":194,"column":32}},"194":{"start":{"line":195,"column":0},"end":{"line":195,"column":47}},"195":{"start":{"line":196,"column":0},"end":{"line":196,"column":31}},"197":{"start":{"line":198,"column":0},"end":{"line":198,"column":43}},"198":{"start":{"line":199,"column":0},"end":{"line":199,"column":49}},"199":{"start":{"line":200,"column":0},"end":{"line":200,"column":46}},"200":{"start":{"line":201,"column":0},"end":{"line":201,"column":13}},"202":{"start":{"line":203,"column":0},"end":{"line":203,"column":58}},"203":{"start":{"line":204,"column":0},"end":{"line":204,"column":29}},"205":{"start":{"line":206,"column":0},"end":{"line":206,"column":59}},"208":{"start":{"line":209,"column":0},"end":{"line":209,"column":61}},"211":{"start":{"line":212,"column":0},"end":{"line":212,"column":51}},"212":{"start":{"line":213,"column":0},"end":{"line":213,"column":57}},"213":{"start":{"line":214,"column":0},"end":{"line":214,"column":55}},"214":{"start":{"line":215,"column":0},"end":{"line":215,"column":50}},"215":{"start":{"line":216,"column":0},"end":{"line":216,"column":58}},"217":{"start":{"line":218,"column":0},"end":{"line":218,"column":67}},"218":{"start":{"line":219,"column":0},"end":{"line":219,"column":93}},"220":{"start":{"line":221,"column":0},"end":{"line":221,"column":34}},"221":{"start":{"line":222,"column":0},"end":{"line":222,"column":73}},"222":{"start":{"line":223,"column":0},"end":{"line":223,"column":34}},"223":{"start":{"line":224,"column":0},"end":{"line":224,"column":9}},"225":{"start":{"line":226,"column":0},"end":{"line":226,"column":23}},"226":{"start":{"line":227,"column":0},"end":{"line":227,"column":24}},"227":{"start":{"line":228,"column":0},"end":{"line":228,"column":56}},"228":{"start":{"line":229,"column":0},"end":{"line":229,"column":77}},"229":{"start":{"line":230,"column":0},"end":{"line":230,"column":21}},"230":{"start":{"line":231,"column":0},"end":{"line":231,"column":27}},"231":{"start":{"line":232,"column":0},"end":{"line":232,"column":92}},"232":{"start":{"line":233,"column":0},"end":{"line":233,"column":60}},"233":{"start":{"line":234,"column":0},"end":{"line":234,"column":95}},"234":{"start":{"line":235,"column":0},"end":{"line":235,"column":73}},"235":{"start":{"line":236,"column":0},"end":{"line":236,"column":69}},"236":{"start":{"line":237,"column":0},"end":{"line":237,"column":73}},"237":{"start":{"line":238,"column":0},"end":{"line":238,"column":21}},"238":{"start":{"line":239,"column":0},"end":{"line":239,"column":9}},"240":{"start":{"line":241,"column":0},"end":{"line":241,"column":32}},"241":{"start":{"line":242,"column":0},"end":{"line":242,"column":17}},"242":{"start":{"line":243,"column":0},"end":{"line":243,"column":5}},"244":{"start":{"line":245,"column":0},"end":{"line":245,"column":22}},"245":{"start":{"line":246,"column":0},"end":{"line":246,"column":61}},"246":{"start":{"line":247,"column":0},"end":{"line":247,"column":29}},"247":{"start":{"line":248,"column":0},"end":{"line":248,"column":24}},"248":{"start":{"line":249,"column":0},"end":{"line":249,"column":108}},"249":{"start":{"line":250,"column":0},"end":{"line":250,"column":21}},"250":{"start":{"line":251,"column":0},"end":{"line":251,"column":27}},"251":{"start":{"line":252,"column":0},"end":{"line":252,"column":102}},"252":{"start":{"line":253,"column":0},"end":{"line":253,"column":95}},"253":{"start":{"line":254,"column":0},"end":{"line":254,"column":101}},"254":{"start":{"line":255,"column":0},"end":{"line":255,"column":21}},"255":{"start":{"line":256,"column":0},"end":{"line":256,"column":9}},"256":{"start":{"line":257,"column":0},"end":{"line":257,"column":24}},"257":{"start":{"line":258,"column":0},"end":{"line":258,"column":33}},"258":{"start":{"line":259,"column":0},"end":{"line":259,"column":5}},"261":{"start":{"line":262,"column":0},"end":{"line":262,"column":72}},"262":{"start":{"line":263,"column":0},"end":{"line":263,"column":45}},"263":{"start":{"line":264,"column":0},"end":{"line":264,"column":39}},"264":{"start":{"line":265,"column":0},"end":{"line":265,"column":64}},"265":{"start":{"line":266,"column":0},"end":{"line":266,"column":66}},"266":{"start":{"line":267,"column":0},"end":{"line":267,"column":49}},"267":{"start":{"line":268,"column":0},"end":{"line":268,"column":14}},"268":{"start":{"line":269,"column":0},"end":{"line":269,"column":63}},"269":{"start":{"line":270,"column":0},"end":{"line":270,"column":34}},"270":{"start":{"line":271,"column":0},"end":{"line":271,"column":5}},"272":{"start":{"line":273,"column":0},"end":{"line":273,"column":41}},"273":{"start":{"line":274,"column":0},"end":{"line":274,"column":53}},"274":{"start":{"line":275,"column":0},"end":{"line":275,"column":5}},"275":{"start":{"line":276,"column":0},"end":{"line":276,"column":1}},"277":{"start":{"line":278,"column":0},"end":{"line":278,"column":35}},"278":{"start":{"line":279,"column":0},"end":{"line":279,"column":62}},"280":{"start":{"line":281,"column":0},"end":{"line":281,"column":40}},"281":{"start":{"line":282,"column":0},"end":{"line":282,"column":59}},"282":{"start":{"line":283,"column":0},"end":{"line":283,"column":1}}},"s":{"10":1,"11":1,"12":39,"13":39,"14":39,"15":39,"16":39,"18":39,"19":39,"24":39,"26":39,"27":39,"29":1,"30":39,"31":90,"32":90,"33":39,"34":39,"36":1,"37":62,"38":62,"39":62,"41":1,"42":63,"43":63,"44":0,"45":63,"46":63,"48":1,"49":90,"50":90,"52":1,"53":1,"54":1,"55":1,"56":1,"58":1,"59":15,"60":15,"62":1,"63":66,"64":66,"65":55,"66":55,"68":55,"69":55,"70":4,"71":4,"72":55,"73":55,"74":66,"75":11,"76":11,"77":11,"78":66,"80":1,"81":38,"82":38,"83":1,"84":1,"85":38,"86":4,"87":4,"88":4,"89":4,"90":38,"91":38,"92":38,"94":1,"95":2,"96":2,"97":2,"99":1,"100":2,"101":2,"102":2,"104":1,"105":24,"106":24,"107":24,"108":24,"109":24,"110":24,"111":24,"113":1,"114":126,"115":126,"117":1,"119":4,"120":4,"122":4,"123":4,"124":4,"125":2,"126":2,"127":4,"128":4,"129":4,"136":1,"137":43,"138":43,"139":43,"141":41,"142":41,"143":41,"144":23,"145":23,"146":23,"147":23,"148":23,"149":2,"150":2,"151":2,"152":23,"153":23,"154":23,"155":41,"157":43,"158":2,"159":2,"160":2,"162":43,"163":16,"164":43,"166":1,"167":15,"169":15,"171":15,"172":15,"174":15,"175":38,"176":38,"177":38,"178":38,"179":22,"180":22,"181":22,"182":38,"184":15,"186":14,"187":14,"188":13,"189":13,"190":13,"192":9,"193":9,"194":9,"195":9,"197":14,"198":1,"199":1,"200":1,"202":14,"203":14,"205":9,"208":9,"211":8,"212":14,"213":7,"214":6,"215":14,"217":5,"218":14,"220":4,"221":4,"222":4,"223":14,"225":15,"226":15,"227":3,"228":3,"229":3,"230":15,"231":12,"232":12,"233":12,"234":12,"235":12,"236":12,"237":12,"238":15,"240":15,"241":15,"242":15,"244":1,"245":15,"246":15,"247":15,"248":3,"249":3,"250":15,"251":12,"252":12,"253":12,"254":12,"255":15,"256":15,"257":15,"258":15,"261":1,"262":6,"263":6,"264":4,"265":4,"266":3,"267":4,"268":2,"269":6,"270":6,"272":1,"273":0,"274":0,"275":1,"277":1,"278":1,"280":2,"281":2,"282":2},"branchMap":{"0":{"type":"branch","line":12,"loc":{"start":{"line":12,"column":4},"end":{"line":28,"column":26}},"locations":[{"start":{"line":12,"column":4},"end":{"line":28,"column":26}}]},"1":{"type":"branch","line":30,"loc":{"start":{"line":30,"column":4},"end":{"line":35,"column":5}},"locations":[{"start":{"line":30,"column":4},"end":{"line":35,"column":5}}]},"2":{"type":"branch","line":31,"loc":{"start":{"line":31,"column":32},"end":{"line":34,"column":9}},"locations":[{"start":{"line":31,"column":32},"end":{"line":34,"column":9}}]},"3":{"type":"branch","line":33,"loc":{"start":{"line":33,"column":45},"end":{"line":33,"column":69}},"locations":[{"start":{"line":33,"column":45},"end":{"line":33,"column":69}}]},"4":{"type":"branch","line":37,"loc":{"start":{"line":37,"column":4},"end":{"line":40,"column":5}},"locations":[{"start":{"line":37,"column":4},"end":{"line":40,"column":5}}]},"5":{"type":"branch","line":42,"loc":{"start":{"line":42,"column":4},"end":{"line":47,"column":5}},"locations":[{"start":{"line":42,"column":4},"end":{"line":47,"column":5}}]},"6":{"type":"branch","line":44,"loc":{"start":{"line":44,"column":27},"end":{"line":46,"column":42}},"locations":[{"start":{"line":44,"column":27},"end":{"line":46,"column":42}}]},"7":{"type":"branch","line":46,"loc":{"start":{"line":46,"column":37},"end":{"line":46,"column":47}},"locations":[{"start":{"line":46,"column":37},"end":{"line":46,"column":47}}]},"8":{"type":"branch","line":49,"loc":{"start":{"line":49,"column":4},"end":{"line":51,"column":5}},"locations":[{"start":{"line":49,"column":4},"end":{"line":51,"column":5}}]},"9":{"type":"branch","line":50,"loc":{"start":{"line":50,"column":39},"end":{"line":50,"column":60}},"locations":[{"start":{"line":50,"column":39},"end":{"line":50,"column":60}}]},"10":{"type":"branch","line":53,"loc":{"start":{"line":53,"column":11},"end":{"line":57,"column":5}},"locations":[{"start":{"line":53,"column":11},"end":{"line":57,"column":5}}]},"11":{"type":"branch","line":56,"loc":{"start":{"line":56,"column":48},"end":{"line":56,"column":56}},"locations":[{"start":{"line":56,"column":48},"end":{"line":56,"column":56}}]},"12":{"type":"branch","line":59,"loc":{"start":{"line":59,"column":11},"end":{"line":61,"column":5}},"locations":[{"start":{"line":59,"column":11},"end":{"line":61,"column":5}}]},"13":{"type":"branch","line":63,"loc":{"start":{"line":63,"column":11},"end":{"line":79,"column":5}},"locations":[{"start":{"line":63,"column":11},"end":{"line":79,"column":5}}]},"14":{"type":"branch","line":64,"loc":{"start":{"line":64,"column":32},"end":{"line":64,"column":42}},"locations":[{"start":{"line":64,"column":32},"end":{"line":64,"column":42}}]},"15":{"type":"branch","line":65,"loc":{"start":{"line":65,"column":38},"end":{"line":75,"column":15}},"locations":[{"start":{"line":65,"column":38},"end":{"line":75,"column":15}}]},"16":{"type":"branch","line":70,"loc":{"start":{"line":70,"column":31},"end":{"line":70,"column":59}},"locations":[{"start":{"line":70,"column":31},"end":{"line":70,"column":59}}]},"17":{"type":"branch","line":70,"loc":{"start":{"line":70,"column":43},"end":{"line":70,"column":99}},"locations":[{"start":{"line":70,"column":43},"end":{"line":70,"column":99}}]},"18":{"type":"branch","line":70,"loc":{"start":{"line":70,"column":99},"end":{"line":72,"column":13}},"locations":[{"start":{"line":70,"column":99},"end":{"line":72,"column":13}}]},"19":{"type":"branch","line":75,"loc":{"start":{"line":75,"column":8},"end":{"line":78,"column":9}},"locations":[{"start":{"line":75,"column":8},"end":{"line":78,"column":9}}]},"20":{"type":"branch","line":77,"loc":{"start":{"line":77,"column":19},"end":{"line":77,"column":56}},"locations":[{"start":{"line":77,"column":19},"end":{"line":77,"column":56}}]},"21":{"type":"branch","line":77,"loc":{"start":{"line":77,"column":52},"end":{"line":77,"column":59}},"locations":[{"start":{"line":77,"column":52},"end":{"line":77,"column":59}}]},"22":{"type":"branch","line":81,"loc":{"start":{"line":81,"column":11},"end":{"line":93,"column":5}},"locations":[{"start":{"line":81,"column":11},"end":{"line":93,"column":5}}]},"23":{"type":"branch","line":83,"loc":{"start":{"line":83,"column":43},"end":{"line":86,"column":19}},"locations":[{"start":{"line":83,"column":43},"end":{"line":86,"column":19}}]},"24":{"type":"branch","line":86,"loc":{"start":{"line":86,"column":8},"end":{"line":90,"column":9}},"locations":[{"start":{"line":86,"column":8},"end":{"line":90,"column":9}}]},"25":{"type":"branch","line":86,"loc":{"start":{"line":86,"column":48},"end":{"line":90,"column":9}},"locations":[{"start":{"line":86,"column":48},"end":{"line":90,"column":9}}]},"26":{"type":"branch","line":95,"loc":{"start":{"line":95,"column":11},"end":{"line":98,"column":5}},"locations":[{"start":{"line":95,"column":11},"end":{"line":98,"column":5}}]},"27":{"type":"branch","line":100,"loc":{"start":{"line":100,"column":11},"end":{"line":103,"column":5}},"locations":[{"start":{"line":100,"column":11},"end":{"line":103,"column":5}}]},"28":{"type":"branch","line":105,"loc":{"start":{"line":105,"column":11},"end":{"line":112,"column":5}},"locations":[{"start":{"line":105,"column":11},"end":{"line":112,"column":5}}]},"29":{"type":"branch","line":106,"loc":{"start":{"line":106,"column":29},"end":{"line":106,"column":43}},"locations":[{"start":{"line":106,"column":29},"end":{"line":106,"column":43}}]},"30":{"type":"branch","line":106,"loc":{"start":{"line":106,"column":43},"end":{"line":106,"column":53}},"locations":[{"start":{"line":106,"column":43},"end":{"line":106,"column":53}}]},"31":{"type":"branch","line":107,"loc":{"start":{"line":107,"column":37},"end":{"line":107,"column":57}},"locations":[{"start":{"line":107,"column":37},"end":{"line":107,"column":57}}]},"32":{"type":"branch","line":107,"loc":{"start":{"line":107,"column":73},"end":{"line":107,"column":86}},"locations":[{"start":{"line":107,"column":73},"end":{"line":107,"column":86}}]},"33":{"type":"branch","line":110,"loc":{"start":{"line":110,"column":20},"end":{"line":110,"column":45}},"locations":[{"start":{"line":110,"column":20},"end":{"line":110,"column":45}}]},"34":{"type":"branch","line":114,"loc":{"start":{"line":114,"column":4},"end":{"line":116,"column":5}},"locations":[{"start":{"line":114,"column":4},"end":{"line":116,"column":5}}]},"35":{"type":"branch","line":118,"loc":{"start":{"line":118,"column":4},"end":{"line":130,"column":5}},"locations":[{"start":{"line":118,"column":4},"end":{"line":130,"column":5}}]},"36":{"type":"branch","line":125,"loc":{"start":{"line":125,"column":51},"end":{"line":128,"column":13}},"locations":[{"start":{"line":125,"column":51},"end":{"line":128,"column":13}}]},"37":{"type":"branch","line":137,"loc":{"start":{"line":137,"column":11},"end":{"line":165,"column":5}},"locations":[{"start":{"line":137,"column":11},"end":{"line":165,"column":5}}]},"38":{"type":"branch","line":138,"loc":{"start":{"line":138,"column":22},"end":{"line":138,"column":57}},"locations":[{"start":{"line":138,"column":22},"end":{"line":138,"column":57}}]},"39":{"type":"branch","line":138,"loc":{"start":{"line":138,"column":51},"end":{"line":138,"column":60}},"locations":[{"start":{"line":138,"column":51},"end":{"line":138,"column":60}}]},"40":{"type":"branch","line":140,"loc":{"start":{"line":140,"column":12},"end":{"line":140,"column":60}},"locations":[{"start":{"line":140,"column":12},"end":{"line":140,"column":60}}]},"41":{"type":"branch","line":140,"loc":{"start":{"line":140,"column":19},"end":{"line":156,"column":9}},"locations":[{"start":{"line":140,"column":19},"end":{"line":156,"column":9}}]},"42":{"type":"branch","line":143,"loc":{"start":{"line":143,"column":66},"end":{"line":143,"column":75}},"locations":[{"start":{"line":143,"column":66},"end":{"line":143,"column":75}}]},"43":{"type":"branch","line":144,"loc":{"start":{"line":144,"column":23},"end":{"line":155,"column":13}},"locations":[{"start":{"line":144,"column":23},"end":{"line":155,"column":13}}]},"44":{"type":"branch","line":147,"loc":{"start":{"line":147,"column":38},"end":{"line":147,"column":86}},"locations":[{"start":{"line":147,"column":38},"end":{"line":147,"column":86}}]},"45":{"type":"branch","line":147,"loc":{"start":{"line":147,"column":82},"end":{"line":147,"column":92}},"locations":[{"start":{"line":147,"column":82},"end":{"line":147,"column":92}}]},"46":{"type":"branch","line":149,"loc":{"start":{"line":149,"column":26},"end":{"line":149,"column":65}},"locations":[{"start":{"line":149,"column":26},"end":{"line":149,"column":65}}]},"47":{"type":"branch","line":149,"loc":{"start":{"line":149,"column":65},"end":{"line":152,"column":17}},"locations":[{"start":{"line":149,"column":65},"end":{"line":152,"column":17}}]},"48":{"type":"branch","line":156,"loc":{"start":{"line":156,"column":8},"end":{"line":158,"column":35}},"locations":[{"start":{"line":156,"column":8},"end":{"line":158,"column":35}}]},"49":{"type":"branch","line":158,"loc":{"start":{"line":158,"column":35},"end":{"line":161,"column":9}},"locations":[{"start":{"line":158,"column":35},"end":{"line":161,"column":9}}]},"50":{"type":"branch","line":161,"loc":{"start":{"line":161,"column":8},"end":{"line":163,"column":26}},"locations":[{"start":{"line":161,"column":8},"end":{"line":163,"column":26}}]},"51":{"type":"branch","line":163,"loc":{"start":{"line":163,"column":18},"end":{"line":163,"column":63}},"locations":[{"start":{"line":163,"column":18},"end":{"line":163,"column":63}}]},"52":{"type":"branch","line":163,"loc":{"start":{"line":163,"column":61},"end":{"line":164,"column":20}},"locations":[{"start":{"line":163,"column":61},"end":{"line":164,"column":20}}]},"53":{"type":"branch","line":147,"loc":{"start":{"line":147,"column":64},"end":{"line":147,"column":82}},"locations":[{"start":{"line":147,"column":64},"end":{"line":147,"column":82}}]},"54":{"type":"branch","line":151,"loc":{"start":{"line":151,"column":45},"end":{"line":151,"column":79}},"locations":[{"start":{"line":151,"column":45},"end":{"line":151,"column":79}}]},"55":{"type":"branch","line":167,"loc":{"start":{"line":167,"column":4},"end":{"line":243,"column":5}},"locations":[{"start":{"line":167,"column":4},"end":{"line":243,"column":5}}]},"56":{"type":"branch","line":168,"loc":{"start":{"line":168,"column":32},"end":{"line":168,"column":39}},"locations":[{"start":{"line":168,"column":32},"end":{"line":168,"column":39}}]},"57":{"type":"branch","line":170,"loc":{"start":{"line":170,"column":31},"end":{"line":170,"column":47}},"locations":[{"start":{"line":170,"column":31},"end":{"line":170,"column":47}}]},"58":{"type":"branch","line":227,"loc":{"start":{"line":227,"column":12},"end":{"line":230,"column":21}},"locations":[{"start":{"line":227,"column":12},"end":{"line":230,"column":21}}]},"59":{"type":"branch","line":231,"loc":{"start":{"line":231,"column":12},"end":{"line":238,"column":21}},"locations":[{"start":{"line":231,"column":12},"end":{"line":238,"column":21}}]},"60":{"type":"branch","line":175,"loc":{"start":{"line":175,"column":24},"end":{"line":183,"column":9}},"locations":[{"start":{"line":175,"column":24},"end":{"line":183,"column":9}}]},"61":{"type":"branch","line":176,"loc":{"start":{"line":176,"column":22},"end":{"line":176,"column":57}},"locations":[{"start":{"line":176,"column":22},"end":{"line":176,"column":57}}]},"62":{"type":"branch","line":177,"loc":{"start":{"line":177,"column":39},"end":{"line":177,"column":45}},"locations":[{"start":{"line":177,"column":39},"end":{"line":177,"column":45}}]},"63":{"type":"branch","line":179,"loc":{"start":{"line":179,"column":56},"end":{"line":182,"column":13}},"locations":[{"start":{"line":179,"column":56},"end":{"line":182,"column":13}}]},"64":{"type":"branch","line":185,"loc":{"start":{"line":185,"column":41},"end":{"line":224,"column":9}},"locations":[{"start":{"line":185,"column":41},"end":{"line":224,"column":9}}]},"65":{"type":"branch","line":188,"loc":{"start":{"line":188,"column":40},"end":{"line":191,"column":13}},"locations":[{"start":{"line":188,"column":40},"end":{"line":191,"column":13}}]},"66":{"type":"branch","line":189,"loc":{"start":{"line":189,"column":37},"end":{"line":189,"column":63}},"locations":[{"start":{"line":189,"column":37},"end":{"line":189,"column":63}}]},"67":{"type":"branch","line":189,"loc":{"start":{"line":189,"column":37},"end":{"line":190,"column":34}},"locations":[{"start":{"line":189,"column":37},"end":{"line":190,"column":34}}]},"68":{"type":"branch","line":190,"loc":{"start":{"line":190,"column":23},"end":{"line":190,"column":48}},"locations":[{"start":{"line":190,"column":23},"end":{"line":190,"column":48}}]},"69":{"type":"branch","line":190,"loc":{"start":{"line":190,"column":37},"end":{"line":190,"column":61}},"locations":[{"start":{"line":190,"column":37},"end":{"line":190,"column":61}}]},"70":{"type":"branch","line":190,"loc":{"start":{"line":190,"column":61},"end":{"line":190,"column":68}},"locations":[{"start":{"line":190,"column":61},"end":{"line":190,"column":68}}]},"71":{"type":"branch","line":191,"loc":{"start":{"line":191,"column":12},"end":{"line":194,"column":32}},"locations":[{"start":{"line":191,"column":12},"end":{"line":194,"column":32}}]},"72":{"type":"branch","line":194,"loc":{"start":{"line":194,"column":25},"end":{"line":194,"column":32}},"locations":[{"start":{"line":194,"column":25},"end":{"line":194,"column":32}}]},"73":{"type":"branch","line":194,"loc":{"start":{"line":194,"column":25},"end":{"line":196,"column":31}},"locations":[{"start":{"line":194,"column":25},"end":{"line":196,"column":31}}]},"74":{"type":"branch","line":196,"loc":{"start":{"line":196,"column":25},"end":{"line":196,"column":31}},"locations":[{"start":{"line":196,"column":25},"end":{"line":196,"column":31}}]},"75":{"type":"branch","line":196,"loc":{"start":{"line":196,"column":25},"end":{"line":198,"column":42}},"locations":[{"start":{"line":196,"column":25},"end":{"line":198,"column":42}}]},"76":{"type":"branch","line":198,"loc":{"start":{"line":198,"column":42},"end":{"line":201,"column":13}},"locations":[{"start":{"line":198,"column":42},"end":{"line":201,"column":13}}]},"77":{"type":"branch","line":200,"loc":{"start":{"line":200,"column":40},"end":{"line":200,"column":46}},"locations":[{"start":{"line":200,"column":40},"end":{"line":200,"column":46}}]},"78":{"type":"branch","line":201,"loc":{"start":{"line":201,"column":12},"end":{"line":203,"column":56}},"locations":[{"start":{"line":201,"column":12},"end":{"line":203,"column":56}}]},"79":{"type":"branch","line":203,"loc":{"start":{"line":203,"column":51},"end":{"line":203,"column":58}},"locations":[{"start":{"line":203,"column":51},"end":{"line":203,"column":58}}]},"80":{"type":"branch","line":204,"loc":{"start":{"line":204,"column":23},"end":{"line":204,"column":29}},"locations":[{"start":{"line":204,"column":23},"end":{"line":204,"column":29}}]},"81":{"type":"branch","line":204,"loc":{"start":{"line":204,"column":23},"end":{"line":209,"column":61}},"locations":[{"start":{"line":204,"column":23},"end":{"line":209,"column":61}}]},"82":{"type":"branch","line":209,"loc":{"start":{"line":209,"column":55},"end":{"line":209,"column":61}},"locations":[{"start":{"line":209,"column":55},"end":{"line":209,"column":61}}]},"83":{"type":"branch","line":209,"loc":{"start":{"line":209,"column":55},"end":{"line":213,"column":21}},"locations":[{"start":{"line":209,"column":55},"end":{"line":213,"column":21}}]},"84":{"type":"branch","line":213,"loc":{"start":{"line":213,"column":16},"end":{"line":213,"column":51}},"locations":[{"start":{"line":213,"column":16},"end":{"line":213,"column":51}}]},"85":{"type":"branch","line":213,"loc":{"start":{"line":213,"column":51},"end":{"line":213,"column":57}},"locations":[{"start":{"line":213,"column":51},"end":{"line":213,"column":57}}]},"86":{"type":"branch","line":213,"loc":{"start":{"line":213,"column":51},"end":{"line":214,"column":55}},"locations":[{"start":{"line":213,"column":51},"end":{"line":214,"column":55}}]},"87":{"type":"branch","line":214,"loc":{"start":{"line":214,"column":49},"end":{"line":214,"column":55}},"locations":[{"start":{"line":214,"column":49},"end":{"line":214,"column":55}}]},"88":{"type":"branch","line":214,"loc":{"start":{"line":214,"column":49},"end":{"line":216,"column":23}},"locations":[{"start":{"line":214,"column":49},"end":{"line":216,"column":23}}]},"89":{"type":"branch","line":216,"loc":{"start":{"line":216,"column":16},"end":{"line":216,"column":52}},"locations":[{"start":{"line":216,"column":16},"end":{"line":216,"column":52}}]},"90":{"type":"branch","line":216,"loc":{"start":{"line":216,"column":52},"end":{"line":216,"column":58}},"locations":[{"start":{"line":216,"column":52},"end":{"line":216,"column":58}}]},"91":{"type":"branch","line":216,"loc":{"start":{"line":216,"column":52},"end":{"line":218,"column":67}},"locations":[{"start":{"line":216,"column":52},"end":{"line":218,"column":67}}]},"92":{"type":"branch","line":219,"loc":{"start":{"line":219,"column":48},"end":{"line":219,"column":87}},"locations":[{"start":{"line":219,"column":48},"end":{"line":219,"column":87}}]},"93":{"type":"branch","line":219,"loc":{"start":{"line":219,"column":87},"end":{"line":219,"column":93}},"locations":[{"start":{"line":219,"column":87},"end":{"line":219,"column":93}}]},"94":{"type":"branch","line":219,"loc":{"start":{"line":219,"column":87},"end":{"line":223,"column":34}},"locations":[{"start":{"line":219,"column":87},"end":{"line":223,"column":34}}]},"95":{"type":"branch","line":228,"loc":{"start":{"line":228,"column":41},"end":{"line":228,"column":56}},"locations":[{"start":{"line":228,"column":41},"end":{"line":228,"column":56}}]},"96":{"type":"branch","line":232,"loc":{"start":{"line":232,"column":39},"end":{"line":232,"column":92}},"locations":[{"start":{"line":232,"column":39},"end":{"line":232,"column":92}}]},"97":{"type":"branch","line":234,"loc":{"start":{"line":234,"column":38},"end":{"line":234,"column":95}},"locations":[{"start":{"line":234,"column":38},"end":{"line":234,"column":95}}]},"98":{"type":"branch","line":245,"loc":{"start":{"line":245,"column":4},"end":{"line":259,"column":5}},"locations":[{"start":{"line":245,"column":4},"end":{"line":259,"column":5}}]},"99":{"type":"branch","line":246,"loc":{"start":{"line":246,"column":54},"end":{"line":246,"column":61}},"locations":[{"start":{"line":246,"column":54},"end":{"line":246,"column":61}}]},"100":{"type":"branch","line":248,"loc":{"start":{"line":248,"column":12},"end":{"line":250,"column":21}},"locations":[{"start":{"line":248,"column":12},"end":{"line":250,"column":21}}]},"101":{"type":"branch","line":251,"loc":{"start":{"line":251,"column":12},"end":{"line":255,"column":21}},"locations":[{"start":{"line":251,"column":12},"end":{"line":255,"column":21}}]},"102":{"type":"branch","line":262,"loc":{"start":{"line":262,"column":4},"end":{"line":271,"column":5}},"locations":[{"start":{"line":262,"column":4},"end":{"line":271,"column":5}}]},"103":{"type":"branch","line":263,"loc":{"start":{"line":263,"column":32},"end":{"line":263,"column":45}},"locations":[{"start":{"line":263,"column":32},"end":{"line":263,"column":45}}]},"104":{"type":"branch","line":264,"loc":{"start":{"line":264,"column":38},"end":{"line":268,"column":14}},"locations":[{"start":{"line":264,"column":38},"end":{"line":268,"column":14}}]},"105":{"type":"branch","line":266,"loc":{"start":{"line":266,"column":16},"end":{"line":266,"column":31}},"locations":[{"start":{"line":266,"column":16},"end":{"line":266,"column":31}}]},"106":{"type":"branch","line":266,"loc":{"start":{"line":266,"column":31},"end":{"line":267,"column":49}},"locations":[{"start":{"line":266,"column":31},"end":{"line":267,"column":49}}]},"107":{"type":"branch","line":266,"loc":{"start":{"line":266,"column":31},"end":{"line":266,"column":66}},"locations":[{"start":{"line":266,"column":31},"end":{"line":266,"column":66}}]},"108":{"type":"branch","line":268,"loc":{"start":{"line":268,"column":8},"end":{"line":269,"column":63}},"locations":[{"start":{"line":268,"column":8},"end":{"line":269,"column":63}}]},"109":{"type":"branch","line":279,"loc":{"start":{"line":279,"column":7},"end":{"line":279,"column":62}},"locations":[{"start":{"line":279,"column":7},"end":{"line":279,"column":62}}]},"110":{"type":"branch","line":281,"loc":{"start":{"line":281,"column":0},"end":{"line":283,"column":1}},"locations":[{"start":{"line":281,"column":0},"end":{"line":283,"column":1}}]},"111":{"type":"branch","line":282,"loc":{"start":{"line":282,"column":39},"end":{"line":282,"column":59}},"locations":[{"start":{"line":282,"column":39},"end":{"line":282,"column":59}}]}},"b":{"0":[39],"1":[39],"2":[90],"3":[972],"4":[62],"5":[63],"6":[0],"7":[0],"8":[90],"9":[91],"10":[1],"11":[0],"12":[15],"13":[66],"14":[0],"15":[55],"16":[5],"17":[5],"18":[4],"19":[11],"20":[8],"21":[3],"22":[38],"23":[1],"24":[37],"25":[4],"26":[2],"27":[2],"28":[24],"29":[0],"30":[0],"31":[0],"32":[22],"33":[3],"34":[126],"35":[4],"36":[2],"37":[43],"38":[9],"39":[16],"40":[2],"41":[41],"42":[0],"43":[23],"44":[2],"45":[21],"46":[4],"47":[2],"48":[18],"49":[2],"50":[16],"51":[1],"52":[16],"53":[2],"54":[2],"55":[15],"56":[0],"57":[0],"58":[3],"59":[12],"60":[38],"61":[25],"62":[0],"63":[22],"64":[14],"65":[13],"66":[2],"67":[11],"68":[10],"69":[9],"70":[3],"71":[9],"72":[0],"73":[9],"74":[0],"75":[9],"76":[1],"77":[0],"78":[9],"79":[0],"80":[0],"81":[9],"82":[1],"83":[8],"84":[1],"85":[1],"86":[7],"87":[1],"88":[6],"89":[1],"90":[1],"91":[5],"92":[4],"93":[1],"94":[4],"95":[5],"96":[14],"97":[1],"98":[15],"99":[0],"100":[3],"101":[12],"102":[6],"103":[0],"104":[4],"105":[1],"106":[3],"107":[1],"108":[2],"109":[35],"110":[2],"111":[0]},"fnMap":{"0":{"name":"<instance_members_initializer>","decl":{"start":{"line":12,"column":4},"end":{"line":28,"column":26}},"loc":{"start":{"line":12,"column":4},"end":{"line":28,"column":26}},"line":12},"1":{"name":"Router","decl":{"start":{"line":30,"column":4},"end":{"line":35,"column":5}},"loc":{"start":{"line":30,"column":4},"end":{"line":35,"column":5}},"line":30},"2":{"name":"#cleanPathString","decl":{"start":{"line":37,"column":4},"end":{"line":40,"column":5}},"loc":{"start":{"line":37,"column":4},"end":{"line":40,"column":5}},"line":37},"3":{"name":"#clearQuery","decl":{"start":{"line":42,"column":4},"end":{"line":47,"column":5}},"loc":{"start":{"line":42,"column":4},"end":{"line":47,"column":5}},"line":42},"4":{"name":"#isStaticFile","decl":{"start":{"line":49,"column":4},"end":{"line":51,"column":5}},"loc":{"start":{"line":49,"column":4},"end":{"line":51,"column":5}},"line":49},"5":{"name":"resetRoot","decl":{"start":{"line":53,"column":11},"end":{"line":57,"column":5}},"loc":{"start":{"line":53,"column":11},"end":{"line":57,"column":5}},"line":53},"6":{"name":"setMode","decl":{"start":{"line":59,"column":11},"end":{"line":61,"column":5}},"loc":{"start":{"line":59,"column":11},"end":{"line":61,"column":5}},"line":59},"7":{"name":"getLocation","decl":{"start":{"line":63,"column":11},"end":{"line":79,"column":5}},"loc":{"start":{"line":63,"column":11},"end":{"line":79,"column":5}},"line":63},"8":{"name":"add","decl":{"start":{"line":81,"column":11},"end":{"line":93,"column":5}},"loc":{"start":{"line":81,"column":11},"end":{"line":93,"column":5}},"line":81},"9":{"name":"onNotFound","decl":{"start":{"line":95,"column":11},"end":{"line":98,"column":5}},"loc":{"start":{"line":95,"column":11},"end":{"line":98,"column":5}},"line":95},"10":{"name":"setDecodeParams","decl":{"start":{"line":100,"column":11},"end":{"line":103,"column":5}},"loc":{"start":{"line":100,"column":11},"end":{"line":103,"column":5}},"line":100},"11":{"name":"getQueryParams","decl":{"start":{"line":105,"column":11},"end":{"line":112,"column":5}},"loc":{"start":{"line":105,"column":11},"end":{"line":112,"column":5}},"line":105},"12":{"name":"#isBrowser","decl":{"start":{"line":114,"column":4},"end":{"line":116,"column":5}},"loc":{"start":{"line":114,"column":4},"end":{"line":116,"column":5}},"line":114},"13":{"name":"#compilePattern","decl":{"start":{"line":118,"column":4},"end":{"line":130,"column":5}},"loc":{"start":{"line":118,"column":4},"end":{"line":130,"column":5}},"line":118},"14":{"name":"handleChange","decl":{"start":{"line":137,"column":11},"end":{"line":165,"column":5}},"loc":{"start":{"line":137,"column":11},"end":{"line":165,"column":5}},"line":137},"15":{"name":"listen","decl":{"start":{"line":167,"column":4},"end":{"line":243,"column":5}},"loc":{"start":{"line":167,"column":4},"end":{"line":243,"column":5}},"line":167},"16":{"name":"handler","decl":{"start":{"line":175,"column":24},"end":{"line":183,"column":9}},"loc":{"start":{"line":175,"column":24},"end":{"line":183,"column":9}},"line":175},"17":{"name":"handleInternalNavigation","decl":{"start":{"line":185,"column":41},"end":{"line":224,"column":9}},"loc":{"start":{"line":185,"column":41},"end":{"line":224,"column":9}},"line":185},"18":{"name":"#bound.hashchange","decl":{"start":{"line":228,"column":41},"end":{"line":228,"column":56}},"loc":{"start":{"line":228,"column":41},"end":{"line":228,"column":56}},"line":228},"19":{"name":"#bound.popstate","decl":{"start":{"line":232,"column":39},"end":{"line":232,"column":92}},"loc":{"start":{"line":232,"column":39},"end":{"line":232,"column":92}},"line":232},"20":{"name":"#bound.keydown","decl":{"start":{"line":234,"column":38},"end":{"line":234,"column":95}},"loc":{"start":{"line":234,"column":38},"end":{"line":234,"column":95}},"line":234},"21":{"name":"unlisten","decl":{"start":{"line":245,"column":4},"end":{"line":259,"column":5}},"loc":{"start":{"line":245,"column":4},"end":{"line":259,"column":5}},"line":245},"22":{"name":"navigate","decl":{"start":{"line":262,"column":4},"end":{"line":271,"column":5}},"loc":{"start":{"line":262,"column":4},"end":{"line":271,"column":5}},"line":262},"23":{"name":"replace","decl":{"start":{"line":273,"column":4},"end":{"line":275,"column":5}},"loc":{"start":{"line":273,"column":4},"end":{"line":275,"column":5}},"line":273},"24":{"name":"createRouter","decl":{"start":{"line":279,"column":7},"end":{"line":279,"column":62}},"loc":{"start":{"line":279,"column":7},"end":{"line":279,"column":62}},"line":279},"25":{"name":"safeDecode","decl":{"start":{"line":281,"column":0},"end":{"line":283,"column":1}},"loc":{"start":{"line":281,"column":0},"end":{"line":283,"column":1}},"line":281}},"f":{"0":39,"1":39,"2":62,"3":63,"4":90,"5":1,"6":15,"7":66,"8":38,"9":2,"10":2,"11":24,"12":126,"13":4,"14":43,"15":15,"16":38,"17":14,"18":5,"19":14,"20":1,"21":15,"22":6,"23":0,"24":35,"25":2}}
,"/home/dharmax/work/state-router/src/state-manager.ts": {"path":"/home/dharmax/work/state-router/src/state-manager.ts","all":false,"statementMap":{"0":{"start":{"line":1,"column":0},"end":{"line":1,"column":67}},"15":{"start":{"line":16,"column":0},"end":{"line":16,"column":27}},"16":{"start":{"line":17,"column":0},"end":{"line":17,"column":57}},"17":{"start":{"line":18,"column":0},"end":{"line":18,"column":45}},"18":{"start":{"line":19,"column":0},"end":{"line":19,"column":50}},"19":{"start":{"line":20,"column":0},"end":{"line":20,"column":22}},"20":{"start":{"line":21,"column":0},"end":{"line":21,"column":28}},"22":{"start":{"line":23,"column":0},"end":{"line":23,"column":41}},"23":{"start":{"line":24,"column":0},"end":{"line":24,"column":47}},"25":{"start":{"line":26,"column":0},"end":{"line":26,"column":23}},"27":{"start":{"line":28,"column":0},"end":{"line":28,"column":110}},"28":{"start":{"line":29,"column":0},"end":{"line":29,"column":138}},"30":{"start":{"line":31,"column":0},"end":{"line":31,"column":108}},"31":{"start":{"line":32,"column":0},"end":{"line":32,"column":37}},"32":{"start":{"line":33,"column":0},"end":{"line":33,"column":35}},"33":{"start":{"line":34,"column":0},"end":{"line":34,"column":22}},"34":{"start":{"line":35,"column":0},"end":{"line":35,"column":37}},"35":{"start":{"line":36,"column":0},"end":{"line":36,"column":5}},"37":{"start":{"line":38,"column":0},"end":{"line":38,"column":13}},"38":{"start":{"line":39,"column":0},"end":{"line":39,"column":38}},"39":{"start":{"line":40,"column":0},"end":{"line":40,"column":5}},"41":{"start":{"line":42,"column":0},"end":{"line":42,"column":12}},"44":{"start":{"line":45,"column":0},"end":{"line":45,"column":65}},"45":{"start":{"line":46,"column":0},"end":{"line":46,"column":5}},"47":{"start":{"line":48,"column":0},"end":{"line":48,"column":79}},"49":{"start":{"line":50,"column":0},"end":{"line":50,"column":67}},"50":{"start":{"line":51,"column":0},"end":{"line":51,"column":5}},"57":{"start":{"line":58,"column":0},"end":{"line":58,"column":101}},"58":{"start":{"line":59,"column":0},"end":{"line":59,"column":55}},"59":{"start":{"line":60,"column":0},"end":{"line":60,"column":5}},"61":{"start":{"line":62,"column":0},"end":{"line":62,"column":34}},"62":{"start":{"line":63,"column":0},"end":{"line":63,"column":53}},"63":{"start":{"line":64,"column":0},"end":{"line":64,"column":5}},"65":{"start":{"line":66,"column":0},"end":{"line":66,"column":20}},"66":{"start":{"line":67,"column":0},"end":{"line":67,"column":34}},"67":{"start":{"line":68,"column":0},"end":{"line":68,"column":5}},"69":{"start":{"line":70,"column":0},"end":{"line":70,"column":24}},"70":{"start":{"line":71,"column":0},"end":{"line":71,"column":33}},"71":{"start":{"line":72,"column":0},"end":{"line":72,"column":5}},"77":{"start":{"line":78,"column":0},"end":{"line":78,"column":77}},"78":{"start":{"line":79,"column":0},"end":{"line":79,"column":35}},"79":{"start":{"line":80,"column":0},"end":{"line":80,"column":39}},"80":{"start":{"line":81,"column":0},"end":{"line":81,"column":71}},"81":{"start":{"line":82,"column":0},"end":{"line":82,"column":14}},"82":{"start":{"line":83,"column":0},"end":{"line":83,"column":32}},"83":{"start":{"line":84,"column":0},"end":{"line":84,"column":5}},"86":{"start":{"line":87,"column":0},"end":{"line":87,"column":54}},"87":{"start":{"line":88,"column":0},"end":{"line":88,"column":40}},"88":{"start":{"line":89,"column":0},"end":{"line":89,"column":18}},"90":{"start":{"line":91,"column":0},"end":{"line":91,"column":52}},"91":{"start":{"line":92,"column":0},"end":{"line":92,"column":32}},"92":{"start":{"line":93,"column":0},"end":{"line":93,"column":55}},"93":{"start":{"line":94,"column":0},"end":{"line":94,"column":31}},"94":{"start":{"line":95,"column":0},"end":{"line":95,"column":9}},"95":{"start":{"line":96,"column":0},"end":{"line":96,"column":36}},"96":{"start":{"line":97,"column":0},"end":{"line":97,"column":5}},"103":{"start":{"line":104,"column":0},"end":{"line":104,"column":86}},"104":{"start":{"line":105,"column":0},"end":{"line":105,"column":57}},"106":{"start":{"line":107,"column":0},"end":{"line":107,"column":52}},"107":{"start":{"line":108,"column":0},"end":{"line":108,"column":24}},"108":{"start":{"line":109,"column":0},"end":{"line":109,"column":64}},"109":{"start":{"line":110,"column":0},"end":{"line":110,"column":9}},"112":{"start":{"line":113,"column":0},"end":{"line":113,"column":116}},"113":{"start":{"line":114,"column":0},"end":{"line":114,"column":69}},"115":{"start":{"line":116,"column":0},"end":{"line":116,"column":116}},"116":{"start":{"line":117,"column":0},"end":{"line":117,"column":69}},"118":{"start":{"line":119,"column":0},"end":{"line":119,"column":74}},"119":{"start":{"line":120,"column":0},"end":{"line":120,"column":24}},"121":{"start":{"line":122,"column":0},"end":{"line":122,"column":54}},"122":{"start":{"line":123,"column":0},"end":{"line":123,"column":61}},"123":{"start":{"line":124,"column":0},"end":{"line":124,"column":74}},"124":{"start":{"line":125,"column":0},"end":{"line":125,"column":9}},"127":{"start":{"line":128,"column":0},"end":{"line":128,"column":44}},"128":{"start":{"line":129,"column":0},"end":{"line":129,"column":36}},"129":{"start":{"line":130,"column":0},"end":{"line":130,"column":33}},"130":{"start":{"line":131,"column":0},"end":{"line":131,"column":79}},"132":{"start":{"line":133,"column":0},"end":{"line":133,"column":53}},"133":{"start":{"line":134,"column":0},"end":{"line":134,"column":66}},"134":{"start":{"line":135,"column":0},"end":{"line":135,"column":9}},"135":{"start":{"line":136,"column":0},"end":{"line":136,"column":19}},"136":{"start":{"line":137,"column":0},"end":{"line":137,"column":5}},"145":{"start":{"line":146,"column":0},"end":{"line":146,"column":98}},"147":{"start":{"line":148,"column":0},"end":{"line":148,"column":35}},"148":{"start":{"line":149,"column":0},"end":{"line":149,"column":33}},"149":{"start":{"line":150,"column":0},"end":{"line":150,"column":63}},"151":{"start":{"line":152,"column":0},"end":{"line":152,"column":59}},"152":{"start":{"line":153,"column":0},"end":{"line":153,"column":47}},"153":{"start":{"line":154,"column":0},"end":{"line":154,"column":9}},"154":{"start":{"line":155,"column":0},"end":{"line":155,"column":35}},"155":{"start":{"line":156,"column":0},"end":{"line":156,"column":17}},"156":{"start":{"line":157,"column":0},"end":{"line":157,"column":21}},"157":{"start":{"line":158,"column":0},"end":{"line":158,"column":18}},"158":{"start":{"line":159,"column":0},"end":{"line":159,"column":16}},"159":{"start":{"line":160,"column":0},"end":{"line":160,"column":10}},"160":{"start":{"line":161,"column":0},"end":{"line":161,"column":5}},"162":{"start":{"line":163,"column":0},"end":{"line":163,"column":51}},"163":{"start":{"line":164,"column":0},"end":{"line":164,"column":43}},"164":{"start":{"line":165,"column":0},"end":{"line":165,"column":25}},"165":{"start":{"line":166,"column":0},"end":{"line":166,"column":74}},"168":{"start":{"line":169,"column":0},"end":{"line":169,"column":64}},"169":{"start":{"line":170,"column":0},"end":{"line":170,"column":120}},"170":{"start":{"line":171,"column":0},"end":{"line":171,"column":59}},"172":{"start":{"line":173,"column":0},"end":{"line":173,"column":124}},"174":{"start":{"line":175,"column":0},"end":{"line":175,"column":94}},"175":{"start":{"line":176,"column":0},"end":{"line":176,"column":13}},"176":{"start":{"line":177,"column":0},"end":{"line":177,"column":10}},"177":{"start":{"line":178,"column":0},"end":{"line":178,"column":5}},"179":{"start":{"line":180,"column":0},"end":{"line":180,"column":102}},"180":{"start":{"line":181,"column":0},"end":{"line":181,"column":48}},"181":{"start":{"line":182,"column":0},"end":{"line":182,"column":5}},"183":{"start":{"line":184,"column":0},"end":{"line":184,"column":130}},"184":{"start":{"line":185,"column":0},"end":{"line":185,"column":47}},"185":{"start":{"line":186,"column":0},"end":{"line":186,"column":5}},"187":{"start":{"line":188,"column":0},"end":{"line":188,"column":95}},"188":{"start":{"line":189,"column":0},"end":{"line":189,"column":49}},"189":{"start":{"line":190,"column":0},"end":{"line":190,"column":20}},"190":{"start":{"line":191,"column":0},"end":{"line":191,"column":35}},"191":{"start":{"line":192,"column":0},"end":{"line":192,"column":9}},"192":{"start":{"line":193,"column":0},"end":{"line":193,"column":5}},"194":{"start":{"line":195,"column":0},"end":{"line":195,"column":49}},"197":{"start":{"line":198,"column":0},"end":{"line":198,"column":76}},"198":{"start":{"line":199,"column":0},"end":{"line":199,"column":5}},"199":{"start":{"line":200,"column":0},"end":{"line":200,"column":1}},"201":{"start":{"line":202,"column":0},"end":{"line":202,"column":133}},"202":{"start":{"line":203,"column":0},"end":{"line":203,"column":60}},"203":{"start":{"line":204,"column":0},"end":{"line":204,"column":1}}},"s":{"0":1,"15":1,"16":1,"17":1,"18":1,"19":1,"20":1,"22":1,"23":1,"25":1,"27":1,"28":1,"30":1,"31":15,"32":15,"33":15,"34":15,"35":15,"37":1,"38":0,"39":0,"41":1,"44":2,"45":2,"47":1,"49":1,"50":1,"57":1,"58":1,"59":1,"61":1,"62":16,"63":16,"65":1,"66":1,"67":1,"69":1,"70":6,"71":6,"77":1,"78":2,"79":1,"80":1,"81":1,"82":1,"83":2,"86":1,"87":3,"88":3,"90":2,"91":2,"92":3,"93":1,"94":1,"95":2,"96":3,"103":1,"104":18,"106":18,"107":18,"108":1,"109":1,"112":17,"113":18,"115":17,"116":18,"118":17,"119":18,"121":18,"122":1,"123":1,"124":1,"127":15,"128":15,"129":15,"130":15,"132":18,"133":1,"134":1,"135":15,"136":18,"145":1,"147":17,"148":17,"149":17,"151":1,"152":1,"153":1,"154":17,"155":17,"156":17,"157":17,"158":17,"159":17,"160":17,"162":1,"163":17,"164":17,"165":17,"168":7,"169":7,"170":7,"172":7,"174":7,"175":7,"176":17,"177":17,"179":1,"180":1,"181":1,"183":1,"184":1,"185":1,"187":1,"188":1,"189":1,"190":1,"191":1,"192":1,"194":1,"197":1,"198":1,"199":1,"201":1,"202":15,"203":15},"branchMap":{"0":{"type":"branch","line":31,"loc":{"start":{"line":31,"column":4},"end":{"line":36,"column":5}},"locations":[{"start":{"line":31,"column":4},"end":{"line":36,"column":5}}]},"1":{"type":"branch","line":35,"loc":{"start":{"line":35,"column":12},"end":{"line":35,"column":37}},"locations":[{"start":{"line":35,"column":12},"end":{"line":35,"column":37}}]},"2":{"type":"branch","line":23,"loc":{"start":{"line":23,"column":4},"end":{"line":23,"column":41}},"locations":[{"start":{"line":23,"column":4},"end":{"line":23,"column":41}}]},"3":{"type":"branch","line":42,"loc":{"start":{"line":42,"column":4},"end":{"line":46,"column":5}},"locations":[{"start":{"line":42,"column":4},"end":{"line":46,"column":5}}]},"4":{"type":"branch","line":48,"loc":{"start":{"line":48,"column":4},"end":{"line":51,"column":5}},"locations":[{"start":{"line":48,"column":4},"end":{"line":51,"column":5}}]},"5":{"type":"branch","line":58,"loc":{"start":{"line":58,"column":4},"end":{"line":60,"column":5}},"locations":[{"start":{"line":58,"column":4},"end":{"line":60,"column":5}}]},"6":{"type":"branch","line":62,"loc":{"start":{"line":62,"column":4},"end":{"line":64,"column":5}},"locations":[{"start":{"line":62,"column":4},"end":{"line":64,"column":5}}]},"7":{"type":"branch","line":63,"loc":{"start":{"line":63,"column":20},"end":{"line":63,"column":53}},"locations":[{"start":{"line":63,"column":20},"end":{"line":63,"column":53}}]},"8":{"type":"branch","line":66,"loc":{"start":{"line":66,"column":4},"end":{"line":68,"column":5}},"locations":[{"start":{"line":66,"column":4},"end":{"line":68,"column":5}}]},"9":{"type":"branch","line":70,"loc":{"start":{"line":70,"column":4},"end":{"line":72,"column":5}},"locations":[{"start":{"line":70,"column":4},"end":{"line":72,"column":5}}]},"10":{"type":"branch","line":78,"loc":{"start":{"line":78,"column":4},"end":{"line":84,"column":5}},"locations":[{"start":{"line":78,"column":4},"end":{"line":84,"column":5}}]},"11":{"type":"branch","line":79,"loc":{"start":{"line":79,"column":34},"end":{"line":83,"column":32}},"locations":[{"start":{"line":79,"column":34},"end":{"line":83,"column":32}}]},"12":{"type":"branch","line":81,"loc":{"start":{"line":81,"column":61},"end":{"line":81,"column":70}},"locations":[{"start":{"line":81,"column":61},"end":{"line":81,"column":70}}]},"13":{"type":"branch","line":87,"loc":{"start":{"line":87,"column":4},"end":{"line":97,"column":5}},"locations":[{"start":{"line":87,"column":4},"end":{"line":97,"column":5}}]},"14":{"type":"branch","line":89,"loc":{"start":{"line":89,"column":12},"end":{"line":93,"column":54}},"locations":[{"start":{"line":89,"column":12},"end":{"line":93,"column":54}}]},"15":{"type":"branch","line":89,"loc":{"start":{"line":89,"column":12},"end":{"line":89,"column":18}},"locations":[{"start":{"line":89,"column":12},"end":{"line":89,"column":18}}]},"16":{"type":"branch","line":93,"loc":{"start":{"line":93,"column":54},"end":{"line":96,"column":36}},"locations":[{"start":{"line":93,"column":54},"end":{"line":96,"column":36}}]},"17":{"type":"branch","line":93,"loc":{"start":{"line":93,"column":54},"end":{"line":95,"column":9}},"locations":[{"start":{"line":93,"column":54},"end":{"line":95,"column":9}}]},"18":{"type":"branch","line":104,"loc":{"start":{"line":104,"column":4},"end":{"line":137,"column":5}},"locations":[{"start":{"line":104,"column":4},"end":{"line":137,"column":5}}]},"19":{"type":"branch","line":108,"loc":{"start":{"line":108,"column":23},"end":{"line":110,"column":9}},"locations":[{"start":{"line":108,"column":23},"end":{"line":110,"column":9}}]},"20":{"type":"branch","line":110,"loc":{"start":{"line":110,"column":8},"end":{"line":114,"column":63}},"locations":[{"start":{"line":110,"column":8},"end":{"line":114,"column":63}}]},"21":{"type":"branch","line":114,"loc":{"start":{"line":114,"column":56},"end":{"line":114,"column":69}},"locations":[{"start":{"line":114,"column":56},"end":{"line":114,"column":69}}]},"22":{"type":"branch","line":114,"loc":{"start":{"line":114,"column":63},"end":{"line":117,"column":63}},"locations":[{"start":{"line":114,"column":63},"end":{"line":117,"column":63}}]},"23":{"type":"branch","line":117,"loc":{"start":{"line":117,"column":56},"end":{"line":117,"column":69}},"locations":[{"start":{"line":117,"column":56},"end":{"line":117,"column":69}}]},"24":{"type":"branch","line":117,"loc":{"start":{"line":117,"column":63},"end":{"line":119,"column":74}},"locations":[{"start":{"line":117,"column":63},"end":{"line":119,"column":74}}]},"25":{"type":"branch","line":119,"loc":{"start":{"line":119,"column":46},"end":{"line":119,"column":74}},"locations":[{"start":{"line":119,"column":46},"end":{"line":119,"column":74}}]},"26":{"type":"branch","line":120,"loc":{"start":{"line":120,"column":12},"end":{"line":120,"column":24}},"locations":[{"start":{"line":120,"column":12},"end":{"line":120,"column":24}}]},"27":{"type":"branch","line":120,"loc":{"start":{"line":120,"column":19},"end":{"line":122,"column":30}},"locations":[{"start":{"line":120,"column":19},"end":{"line":122,"column":30}}]},"28":{"type":"branch","line":122,"loc":{"start":{"line":122,"column":17},"end":{"line":122,"column":53}},"locations":[{"start":{"line":122,"column":17},"end":{"line":122,"column":53}}]},"29":{"type":"branch","line":122,"loc":{"start":{"line":122,"column":53},"end":{"line":125,"column":9}},"locations":[{"start":{"line":122,"column":53},"end":{"line":125,"column":9}}]},"30":{"type":"branch","line":124,"loc":{"start":{"line":124,"column":61},"end":{"line":124,"column":74}},"locations":[{"start":{"line":124,"column":61},"end":{"line":124,"column":74}}]},"31":{"type":"branch","line":125,"loc":{"start":{"line":125,"column":8},"end":{"line":133,"column":52}},"locations":[{"start":{"line":125,"column":8},"end":{"line":133,"column":52}}]},"32":{"type":"branch","line":133,"loc":{"start":{"line":133,"column":52},"end":{"line":135,"column":9}},"locations":[{"start":{"line":133,"column":52},"end":{"line":135,"column":9}}]},"33":{"type":"branch","line":135,"loc":{"start":{"line":135,"column":8},"end":{"line":136,"column":19}},"locations":[{"start":{"line":135,"column":8},"end":{"line":136,"column":19}}]},"34":{"type":"branch","line":113,"loc":{"start":{"line":113,"column":82},"end":{"line":113,"column":114}},"locations":[{"start":{"line":113,"column":82},"end":{"line":113,"column":114}}]},"35":{"type":"branch","line":116,"loc":{"start":{"line":116,"column":72},"end":{"line":116,"column":114}},"locations":[{"start":{"line":116,"column":72},"end":{"line":116,"column":114}}]},"36":{"type":"branch","line":146,"loc":{"start":{"line":146,"column":4},"end":{"line":161,"column":5}},"locations":[{"start":{"line":146,"column":4},"end":{"line":161,"column":5}}]},"37":{"type":"branch","line":148,"loc":{"start":{"line":148,"column":19},"end":{"line":148,"column":35}},"locations":[{"start":{"line":148,"column":19},"end":{"line":148,"column":35}}]},"38":{"type":"branch","line":149,"loc":{"start":{"line":149,"column":16},"end":{"line":149,"column":33}},"locations":[{"start":{"line":149,"column":16},"end":{"line":149,"column":33}}]},"39":{"type":"branch","line":150,"loc":{"start":{"line":150,"column":29},"end":{"line":150,"column":62}},"locations":[{"start":{"line":150,"column":29},"end":{"line":150,"column":62}}]},"40":{"type":"branch","line":150,"loc":{"start":{"line":150,"column":62},"end":{"line":154,"column":9}},"locations":[{"start":{"line":150,"column":62},"end":{"line":154,"column":9}}]},"41":{"type":"branch","line":163,"loc":{"start":{"line":163,"column":4},"end":{"line":178,"column":5}},"locations":[{"start":{"line":163,"column":4},"end":{"line":178,"column":5}}]},"42":{"type":"branch","line":166,"loc":{"start":{"line":166,"column":38},"end":{"line":177,"column":9}},"locations":[{"start":{"line":166,"column":38},"end":{"line":177,"column":9}}]},"43":{"type":"branch","line":169,"loc":{"start":{"line":169,"column":49},"end":{"line":169,"column":64}},"locations":[{"start":{"line":169,"column":49},"end":{"line":169,"column":64}}]},"44":{"type":"branch","line":170,"loc":{"start":{"line":170,"column":28},"end":{"line":170,"column":65}},"locations":[{"start":{"line":170,"column":28},"end":{"line":170,"column":65}}]},"45":{"type":"branch","line":170,"loc":{"start":{"line":170,"column":56},"end":{"line":170,"column":74}},"locations":[{"start":{"line":170,"column":56},"end":{"line":170,"column":74}}]},"46":{"type":"branch","line":170,"loc":{"start":{"line":170,"column":65},"end":{"line":170,"column":120}},"locations":[{"start":{"line":170,"column":65},"end":{"line":170,"column":120}}]},"47":{"type":"branch","line":170,"loc":{"start":{"line":170,"column":93},"end":{"line":170,"column":111}},"locations":[{"start":{"line":170,"column":93},"end":{"line":170,"column":111}}]},"48":{"type":"branch","line":170,"loc":{"start":{"line":170,"column":107},"end":{"line":170,"column":120}},"locations":[{"start":{"line":170,"column":107},"end":{"line":170,"column":120}}]},"49":{"type":"branch","line":173,"loc":{"start":{"line":173,"column":23},"end":{"line":173,"column":124}},"locations":[{"start":{"line":173,"column":23},"end":{"line":173,"column":124}}]},"50":{"type":"branch","line":175,"loc":{"start":{"line":175,"column":23},"end":{"line":175,"column":94}},"locations":[{"start":{"line":175,"column":23},"end":{"line":175,"column":94}}]},"51":{"type":"branch","line":180,"loc":{"start":{"line":180,"column":4},"end":{"line":182,"column":5}},"locations":[{"start":{"line":180,"column":4},"end":{"line":182,"column":5}}]},"52":{"type":"branch","line":184,"loc":{"start":{"line":184,"column":4},"end":{"line":186,"column":5}},"locations":[{"start":{"line":184,"column":4},"end":{"line":186,"column":5}}]},"53":{"type":"branch","line":188,"loc":{"start":{"line":188,"column":4},"end":{"line":193,"column":5}},"locations":[{"start":{"line":188,"column":4},"end":{"line":193,"column":5}}]},"54":{"type":"branch","line":195,"loc":{"start":{"line":195,"column":4},"end":{"line":199,"column":5}},"locations":[{"start":{"line":195,"column":4},"end":{"line":199,"column":5}}]},"55":{"type":"branch","line":202,"loc":{"start":{"line":202,"column":7},"end":{"line":204,"column":1}},"locations":[{"start":{"line":202,"column":7},"end":{"line":204,"column":1}}]}},"b":{"0":[15],"1":[2],"2":[4],"3":[2],"4":[1],"5":[1],"6":[16],"7":[0],"8":[1],"9":[6],"10":[2],"11":[1],"12":[0],"13":[3],"14":[2],"15":[1],"16":[2],"17":[1],"18":[18],"19":[1],"20":[17],"21":[0],"22":[17],"23":[0],"24":[17],"25":[16],"26":[2],"27":[15],"28":[5],"29":[1],"30":[0],"31":[15],"32":[1],"33":[15],"34":[1],"35":[2],"36":[17],"37":[0],"38":[0],"39":[4],"40":[1],"41":[17],"42":[7],"43":[6],"44":[1],"45":[1],"46":[6],"47":[5],"48":[1],"49":[0],"50":[0],"51":[1],"52":[1],"53":[1],"54":[1],"55":[15]},"fnMap":{"0":{"name":"StateManager","decl":{"start":{"line":31,"column":4},"end":{"line":36,"column":5}},"loc":{"start":{"line":31,"column":4},"end":{"line":36,"column":5}},"line":31},"1":{"name":"<static_initializer>","decl":{"start":{"line":23,"column":4},"end":{"line":23,"column":41}},"loc":{"start":{"line":23,"column":4},"end":{"line":23,"column":41}},"line":23},"2":{"name":"start","decl":{"start":{"line":38,"column":4},"end":{"line":40,"column":5}},"loc":{"start":{"line":38,"column":4},"end":{"line":40,"column":5}},"line":38},"3":{"name":"stop","decl":{"start":{"line":42,"column":4},"end":{"line":46,"column":5}},"loc":{"start":{"line":42,"column":4},"end":{"line":46,"column":5}},"line":42},"4":{"name":"onChange","decl":{"start":{"line":48,"column":4},"end":{"line":51,"column":5}},"loc":{"start":{"line":48,"column":4},"end":{"line":51,"column":5}},"line":48},"5":{"name":"registerChangeAuthority","decl":{"start":{"line":58,"column":4},"end":{"line":60,"column":5}},"loc":{"start":{"line":58,"column":4},"end":{"line":60,"column":5}},"line":58},"6":{"name":"getState","decl":{"start":{"line":62,"column":4},"end":{"line":64,"column":5}},"loc":{"start":{"line":62,"column":4},"end":{"line":64,"column":5}},"line":62},"7":{"name":"get previous","decl":{"start":{"line":66,"column":4},"end":{"line":68,"column":5}},"loc":{"start":{"line":66,"column":4},"end":{"line":68,"column":5}},"line":66},"8":{"name":"get context","decl":{"start":{"line":70,"column":4},"end":{"line":72,"column":5}},"loc":{"start":{"line":70,"column":4},"end":{"line":72,"column":5}},"line":70},"9":{"name":"set state","decl":{"start":{"line":78,"column":4},"end":{"line":84,"column":5}},"loc":{"start":{"line":78,"column":4},"end":{"line":84,"column":5}},"line":78},"10":{"name":"restoreState","decl":{"start":{"line":87,"column":4},"end":{"line":97,"column":5}},"loc":{"start":{"line":87,"column":4},"end":{"line":97,"column":5}},"line":87},"11":{"name":"setState","decl":{"start":{"line":104,"column":4},"end":{"line":137,"column":5}},"loc":{"start":{"line":104,"column":4},"end":{"line":137,"column":5}},"line":104},"12":{"name":"addState","decl":{"start":{"line":146,"column":4},"end":{"line":161,"column":5}},"loc":{"start":{"line":146,"column":4},"end":{"line":161,"column":5}},"line":146},"13":{"name":"registerStateByState","decl":{"start":{"line":163,"column":4},"end":{"line":178,"column":5}},"loc":{"start":{"line":163,"column":4},"end":{"line":178,"column":5}},"line":163},"14":{"name":"onBeforeChange","decl":{"start":{"line":180,"column":4},"end":{"line":182,"column":5}},"loc":{"start":{"line":180,"column":4},"end":{"line":182,"column":5}},"line":180},"15":{"name":"onAfterChange","decl":{"start":{"line":184,"column":4},"end":{"line":186,"column":5}},"loc":{"start":{"line":184,"column":4},"end":{"line":186,"column":5}},"line":184},"16":{"name":"onExit","decl":{"start":{"line":188,"column":4},"end":{"line":193,"column":5}},"loc":{"start":{"line":188,"column":4},"end":{"line":193,"column":5}},"line":188},"17":{"name":"onNotFound","decl":{"start":{"line":195,"column":4},"end":{"line":199,"column":5}},"loc":{"start":{"line":195,"column":4},"end":{"line":199,"column":5}},"line":195},"18":{"name":"createStateManager","decl":{"start":{"line":202,"column":7},"end":{"line":204,"column":1}},"loc":{"start":{"line":202,"column":7},"end":{"line":204,"column":1}},"line":202}},"f":{"0":15,"1":4,"2":0,"3":2,"4":1,"5":1,"6":16,"7":1,"8":6,"9":2,"10":3,"11":18,"12":17,"13":17,"14":1,"15":1,"16":1,"17":1,"18":15}}
}
